SUMMARY 22.02.16 18:57: 0 tasks waiting, 0 tasks running, 0 tasks done.
        no task running currently.
        Recently achieved tasks:
SUMMARY 22.02.16 18:57: 301 tasks waiting, 40 tasks running, 18 tasks done.
          Oldest task running, started 00:00:21 ago: evaltask.fold.1.GI.0001.qamdvv218
          Newest task running started 00:00:00 ago: evaltask.fold.2.basic.0034.qaLZ2o7VG
        Recently achieved tasks:
          evaltask.fold.1.basic.0036.kO6Sf4VIq (done 00:00:12 ago)
          evaltask.fold.1.basic.0020.UI1bsIZjf (done 00:00:12 ago)
          evaltask.fold.1.basic.0049.GLrb1PCI6 (done 00:00:12 ago)
          evaltask.fold.1.basic.0038.ZTKw8zcdH (done 00:00:12 ago)
          evaltask.fold.1.basic.0001.j4vFCJS5R (done 00:00:12 ago)
          evaltask.fold.1.basic.0007.JHNFh25yb (done 00:00:12 ago)
          evaltask.fold.1.basic.0007.usT2mzxWw (done 00:00:12 ago)
          evaltask.fold.1.basic.0024.icjW0tTSM (done 00:00:12 ago)
          evaltask.fold.1.basic.0006.UB3du8G0k (done 00:00:12 ago)
          evaltask.fold.1.basic.0011.W7CJaf6GK (done 00:00:12 ago)
SUMMARY 22.02.16 18:58: 298 tasks waiting, 40 tasks running, 23 tasks done.
          Oldest task running, started 00:01:02 ago: evaltask.fold.1.GI.0001.qamdvv218
          Newest task running started 00:00:01 ago: evaltask.fold.1.univ.0023.hupCLTzkK
        Recently achieved tasks:
          evaltask.fold.1.univ.0028.CyhANc06q (done 00:00:11 ago)
          evaltask.fold.1.basic.0020.SwZUsDNmk (done 00:00:13 ago)
          evaltask.fold.1.basic.0019.asKkIzw1c (done 00:00:30 ago)
          evaltask.fold.1.basic.0004.DK9R0HQaj (done 00:00:30 ago)
          evaltask.fold.2.basic.0034.qaLZ2o7VG (done 00:00:30 ago)
          evaltask.fold.1.basic.0036.kO6Sf4VIq (done 00:00:53 ago)
          evaltask.fold.1.basic.0020.UI1bsIZjf (done 00:00:53 ago)
          evaltask.fold.1.basic.0049.GLrb1PCI6 (done 00:00:53 ago)
          evaltask.fold.1.basic.0038.ZTKw8zcdH (done 00:00:53 ago)
          evaltask.fold.1.basic.0001.j4vFCJS5R (done 00:00:53 ago)
SUMMARY 22.02.16 18:59: 287 tasks waiting, 40 tasks running, 34 tasks done.
          Oldest task running, started 00:01:42 ago: evaltask.fold.1.GI.0001.qamdvv218
          Newest task running started 00:00:00 ago: evaltask.fold.1.univ.0032.OqUcIZega
        Recently achieved tasks:
          evaltask.fold.1.univ.0007.iKyfkxfUe (done 00:00:00 ago)
          evaltask.fold.1.univ.0006.V95W2ueeG (done 00:00:05 ago)
          evaltask.fold.1.univ.0019.XJcktHRpZ (done 00:00:09 ago)
          evaltask.fold.1.basic.0034.iPfTJolDi (done 00:00:11 ago)
          evaltask.fold.1.basic.0031.G4XjuM2cw (done 00:00:13 ago)
          evaltask.fold.1.basic.0029.SqkbF4Xio (done 00:00:13 ago)
          evaltask.fold.1.univ.0014.WBExtBjh2 (done 00:00:23 ago)
          evaltask.fold.1.univ.0012.zvRWSFiiE (done 00:00:28 ago)
          evaltask.fold.1.univ.0008.lzPpmTZD0 (done 00:00:29 ago)
          evaltask.fold.1.univ.0010.WGd08H7Ev (done 00:00:30 ago)
SUMMARY 22.02.16 18:59: 271 tasks waiting, 40 tasks running, 50 tasks done.
          Oldest task running, started 00:02:23 ago: evaltask.fold.1.GI.0001.qamdvv218
          Newest task running started 00:00:00 ago: evaltask.fold.1.GI.0003.1KmCMKS4H
        Recently achieved tasks:
          evaltask.fold.1.univ.0023.hupCLTzkK (done 00:00:04 ago)
          evaltask.fold.1.GI.0021.aImp9En84 (done 00:00:05 ago)
          evaltask.fold.1.univ.0031.XXgewaA5d (done 00:00:09 ago)
          evaltask.fold.1.univ.0032.OqUcIZega (done 00:00:10 ago)
          evaltask.fold.1.basic.0040.tu15TL8Lr (done 00:00:11 ago)
          evaltask.fold.1.basic.0041.XMiNZfmFm (done 00:00:12 ago)
          evaltask.fold.1.basic.0039.Zelb8Skvp (done 00:00:12 ago)
          evaltask.fold.1.univ.0029.PBJlUP3Ji (done 00:00:14 ago)
          evaltask.fold.1.GI.0043.Fp3KpJh5n (done 00:00:15 ago)
          evaltask.fold.1.univ.0003.lrvuXV82c (done 00:00:26 ago)
SUMMARY 22.02.16 19:00: 257 tasks waiting, 40 tasks running, 65 tasks done.
          Oldest task running, started 00:03:04 ago: evaltask.fold.1.GI.0001.qamdvv218
          Newest task running started 00:00:00 ago: evaltask.fold.1.GI.0026.5zdkWSpT9
        Recently achieved tasks:
          evaltask.fold.1.univ.0045.yMRnbDxPu (done 00:00:06 ago)
          evaltask.fold.1.GI.0034.YiZflyDMj (done 00:00:08 ago)
          evaltask.fold.1.GI.0010.GHDRVSAmQ (done 00:00:13 ago)
          evaltask.fold.1.univ.0034.NFZpy3H1t (done 00:00:14 ago)
          evaltask.fold.1.GI.0016.ozP8Rmau0 (done 00:00:17 ago)
          evaltask.fold.1.univ.0036.kvA8Wl1wq (done 00:00:18 ago)
          evaltask.fold.1.univ.0012.tL9vbJRFo (done 00:00:25 ago)
          evaltask.fold.1.univ.0030.lYVGkFk31 (done 00:00:28 ago)
          evaltask.fold.1.GI.0012.9pULTF4Cw (done 00:00:29 ago)
          evaltask.fold.1.univ.0037.5PVLOO3nQ (done 00:00:29 ago)
SUMMARY 22.02.16 19:01: 245 tasks waiting, 40 tasks running, 77 tasks done.
          Oldest task running, started 00:03:45 ago: evaltask.fold.1.GI.0001.qamdvv218
          Newest task running started 00:00:01 ago: evaltask.fold.1.univ.0002.0ha3DTwKi
        Recently achieved tasks:
          evaltask.fold.1.univ.0046.FuxtP5Z2F (done 00:00:06 ago)
          evaltask.fold.1.univ.0039.AViS0X5aV (done 00:00:08 ago)
          evaltask.fold.1.GI.0007.kx8LbAfhq (done 00:00:08 ago)
          evaltask.fold.1.GI.0049.hZxqVccQC (done 00:00:16 ago)
          evaltask.fold.1.GI.0042.sSVMNIx8N (done 00:00:25 ago)
          evaltask.fold.1.univ.0042.EwWwm0KDb (done 00:00:27 ago)
          evaltask.fold.1.univ.0040.sUPuXm7fU (done 00:00:29 ago)
          evaltask.fold.1.GI.0011.o84dN9MTr (done 00:00:31 ago)
          evaltask.fold.1.GI.0038.Yvu5EvZyr (done 00:00:35 ago)
          evaltask.fold.1.GI.0020.FECqP8qzx (done 00:00:39 ago)
SUMMARY 22.02.16 19:01: 239 tasks waiting, 39 tasks running, 85 tasks done.
          Oldest task running, started 00:04:25 ago: evaltask.fold.1.GI.0001.qamdvv218
          Newest task running started 00:00:00 ago: evaltask.fold.1.univ.0021.MJNigCd0U
        Recently achieved tasks:
          evaltask.fold.1.GI.0006.mqweeFbk0 (done 00:00:00 ago)
          evaltask.fold.1.GI.0027.ogPYoI4wH (done 00:00:02 ago)
          evaltask.fold.1.GI.0013.P5pZNTFWQ (done 00:00:05 ago)
          evaltask.fold.1.GI.0031.dy7zjBl5m (done 00:00:12 ago)
          evaltask.fold.1.GI.0003.1KmCMKS4H (done 00:00:19 ago)
          evaltask.fold.1.GI.0020.LZmv4avZP (done 00:00:22 ago)
          evaltask.fold.1.GI.0010.1XdeW2ZNp (done 00:00:23 ago)
          evaltask.fold.1.univ.0047.hCeTNvYIQ (done 00:00:25 ago)
          evaltask.fold.1.univ.0046.FuxtP5Z2F (done 00:00:46 ago)
          evaltask.fold.1.univ.0039.AViS0X5aV (done 00:00:48 ago)
SUMMARY 22.02.16 19:02: 221 tasks waiting, 39 tasks running, 105 tasks done.
          Oldest task running, started 00:05:06 ago: evaltask.fold.1.GI.0014.YB2Q6wB5v
          Newest task running started 00:00:00 ago: evaltask.fold.1.basic.0026.fejnKiHCD
        Recently achieved tasks:
          evaltask.fold.1.univ.0020.QFutwJ4Zr (done 00:00:00 ago)
          evaltask.fold.1.GI.0022.nws9RV0MP (done 00:00:09 ago)
          evaltask.fold.1.basic.0008.lTgSxrjYY (done 00:00:10 ago)
          evaltask.fold.1.basic.0009.VgbK213GX (done 00:00:11 ago)
          evaltask.fold.1.basic.0011.9kppWP6WO (done 00:00:11 ago)
          evaltask.fold.1.GI.0008.Z1BiUfPGi (done 00:00:11 ago)
          evaltask.fold.1.univ.0004.90DttiaHV (done 00:00:15 ago)
          evaltask.fold.1.univ.0005.INuDM2mNz (done 00:00:17 ago)
          evaltask.fold.1.GI.0023.CEOl5XnPx (done 00:00:17 ago)
          evaltask.fold.1.GI.0046.ygIyRF0jS (done 00:00:18 ago)
SUMMARY 22.02.16 19:03: 177 tasks waiting, 40 tasks running, 149 tasks done.
          Oldest task running, started 00:05:48 ago: evaltask.fold.1.GI.0036.h6ooB79Lc
          Newest task running started 00:00:01 ago: evaltask.fold.1.univ.0025.gPki7CxEx
        Recently achieved tasks:
          evaltask.fold.1.GI.0049.SsOIWADpP (done 00:00:02 ago)
          evaltask.fold.1.GI.0014.YB2Q6wB5v (done 00:00:03 ago)
          evaltask.fold.1.GI.0045.O6Lug8Wo9 (done 00:00:04 ago)
          evaltask.fold.1.univ.0041.JvRvVTl9q (done 00:00:08 ago)
          evaltask.fold.1.univ.0043.FrYqkpuOW (done 00:00:08 ago)
          evaltask.fold.1.univ.0034.Y7vPxmxZ3 (done 00:00:08 ago)
          evaltask.fold.1.univ.0038.MNXRceVcK (done 00:00:09 ago)
          evaltask.fold.1.GI.0039.xAOPjzFPj (done 00:00:09 ago)
          evaltask.fold.1.GI.0035.Fm7h9lejm (done 00:00:10 ago)
          evaltask.fold.1.univ.0048.M65JojPRD (done 00:00:11 ago)
SUMMARY 22.02.16 19:03: 153 tasks waiting, 40 tasks running, 173 tasks done.
          Oldest task running, started 00:06:28 ago: evaltask.fold.1.GI.0036.h6ooB79Lc
          Newest task running started 00:00:00 ago: evaltask.fold.1.basic.0018.GZQ4zxzOq
        Recently achieved tasks:
          evaltask.fold.1.GI.0022.phi9fzNCe (done 00:00:03 ago)
          evaltask.fold.1.GI.0050.tToqPNOEX (done 00:00:04 ago)
          evaltask.fold.1.univ.0028.2O55gMywL (done 00:00:05 ago)
          evaltask.fold.1.GI.0019.RA4IElNxI (done 00:00:08 ago)
          evaltask.fold.1.basic.0004.vF7XdUi5X (done 00:00:08 ago)
          evaltask.fold.1.basic.0003.Oqu4R9cxq (done 00:00:08 ago)
          evaltask.fold.1.basic.0006.fMJO27qMa (done 00:00:08 ago)
          evaltask.fold.1.basic.0002.4Lhgwqb1T (done 00:00:08 ago)
          evaltask.fold.1.univ.0026.CsCRMlVbV (done 00:00:09 ago)
          evaltask.fold.1.univ.0006.eeCDAusZx (done 00:00:10 ago)
SUMMARY 22.02.16 19:04: 112 tasks waiting, 40 tasks running, 218 tasks done.
          Oldest task running, started 00:01:23 ago: evaltask.fold.1.GI.0034.x7iLaEW44
          Newest task running started 00:00:00 ago: evaltask.fold.1.basic.0002.E8hztZNBW
        Recently achieved tasks:
          evaltask.fold.1.univ.0049.jvorcUM6T (done 00:00:05 ago)
          evaltask.fold.1.GI.0002.fVktGEZa8 (done 00:00:06 ago)
          evaltask.fold.1.GI.0031.8qO2FiFDX (done 00:00:06 ago)
          evaltask.fold.1.GI.0013.k1dsFCoq7 (done 00:00:07 ago)
          evaltask.fold.1.GI.0014.563Q25ovO (done 00:00:08 ago)
          evaltask.fold.1.GI.0025.GpEzfV6Eg (done 00:00:08 ago)
          evaltask.fold.1.GI.0008.qqE72E0Ve (done 00:00:10 ago)
          evaltask.fold.1.univ.0029.2lx8sFncN (done 00:00:10 ago)
          evaltask.fold.1.basic.0046.ZivVieUka (done 00:00:11 ago)
          evaltask.fold.1.basic.0038.pPD2x2tZ8 (done 00:00:11 ago)
SUMMARY 22.02.16 19:05: 97 tasks waiting, 40 tasks running, 233 tasks done.
          Oldest task running, started 00:02:04 ago: evaltask.fold.1.GI.0034.x7iLaEW44
          Newest task running started 00:00:00 ago: evaltask.fold.1.basic.0026.fFz3SPQ2I
        Recently achieved tasks:
          evaltask.fold.1.GI.0028.KK0B4ObwU (done 00:00:00 ago)
          evaltask.fold.1.GI.0019.QJ8oSe98H (done 00:00:04 ago)
          evaltask.fold.2.basic.0001.b8Ck1bqvU (done 00:00:09 ago)
          evaltask.fold.1.GI.0014.F18QSxEqt (done 00:00:09 ago)
          evaltask.fold.1.GI.0037.a2tGNHE7U (done 00:00:09 ago)
          evaltask.fold.1.basic.0019.yzi6S1lie (done 00:00:10 ago)
          evaltask.fold.1.basic.0017.fCqfHHL3I (done 00:00:10 ago)
          evaltask.fold.1.basic.0013.5bYLqYmpo (done 00:00:10 ago)
          evaltask.fold.1.univ.0027.S8tnQy81u (done 00:00:24 ago)
          evaltask.fold.1.univ.0014.j4aVQZz0h (done 00:00:25 ago)
SUMMARY 22.02.16 19:05: 69 tasks waiting, 39 tasks running, 264 tasks done.
          Oldest task running, started 00:02:45 ago: evaltask.fold.1.GI.0034.x7iLaEW44
          Newest task running started 00:00:00 ago: evaltask.fold.1.univ.0028.9TYkOBEvf
        Recently achieved tasks:
          evaltask.fold.1.GI.0018.9WdBUzYj6 (done 00:00:01 ago)
          evaltask.fold.1.GI.0034.ILvLRIV2e (done 00:00:01 ago)
          evaltask.fold.1.GI.0031.nzTmV36Qh (done 00:00:03 ago)
          evaltask.fold.1.GI.0004.ySJ2nAZKU (done 00:00:03 ago)
          evaltask.fold.1.univ.0016.HYtQ9tyw6 (done 00:00:07 ago)
          evaltask.fold.1.GI.0026.LesrCJwXx (done 00:00:09 ago)
          evaltask.fold.1.GI.0048.kHbkikbQf (done 00:00:10 ago)
          evaltask.fold.1.basic.0046.7bl04EIeJ (done 00:00:10 ago)
          evaltask.fold.1.GI.0015.LPyg52e6c (done 00:00:11 ago)
          evaltask.fold.1.basic.0044.tyORdYcKh (done 00:00:11 ago)
SUMMARY 22.02.16 19:06: 57 tasks waiting, 40 tasks running, 277 tasks done.
          Oldest task running, started 00:02:04 ago: evaltask.fold.1.GI.0006.1CxCJgo7g
          Newest task running started 00:00:00 ago: evaltask.fold.1.GI.0029.18ewoGpmm
        Recently achieved tasks:
          evaltask.fold.1.GI.0005.sqqmG6F7l (done 00:00:06 ago)
          evaltask.fold.1.univ.0008.GLT3onvSQ (done 00:00:07 ago)
          evaltask.fold.1.univ.0019.ysnEmrJSm (done 00:00:11 ago)
          evaltask.fold.1.GI.0038.gQlQsEUsk (done 00:00:14 ago)
          evaltask.fold.1.GI.0034.x7iLaEW44 (done 00:00:14 ago)
          evaltask.fold.1.univ.0027.OFAFF0gxg (done 00:00:15 ago)
          evaltask.fold.1.GI.0027.JIF27i9Nz (done 00:00:15 ago)
          evaltask.fold.1.GI.0033.GCYWGVYNo (done 00:00:24 ago)
          evaltask.fold.1.univ.0006.I9HM2I7Bq (done 00:00:24 ago)
          evaltask.fold.1.GI.0002.XDioByNvY (done 00:00:26 ago)
SUMMARY 22.02.16 19:07: 46 tasks waiting, 40 tasks running, 289 tasks done.
          Oldest task running, started 00:02:44 ago: evaltask.fold.1.GI.0022.YQrVmh04Z
          Newest task running started 00:00:00 ago: evaltask.fold.1.GI.0044.ylkXH9kBc
        Recently achieved tasks:
          evaltask.fold.1.univ.0018.a4CR57osO (done 00:00:00 ago)
          evaltask.fold.1.GI.0021.OYk1pGMgk (done 00:00:05 ago)
          evaltask.fold.1.GI.0006.1CxCJgo7g (done 00:00:07 ago)
          evaltask.fold.1.univ.0024.lE1IKQzsp (done 00:00:08 ago)
          evaltask.fold.1.univ.0004.KREFxYsCj (done 00:00:13 ago)
          evaltask.fold.1.univ.0033.IXFzIn5f4 (done 00:00:14 ago)
          evaltask.fold.1.univ.0015.FnUWQ5x8F (done 00:00:14 ago)
          evaltask.fold.1.univ.0002.xWiJJyYii (done 00:00:15 ago)
          evaltask.fold.1.univ.0022.ZMBcCpURI (done 00:00:15 ago)
          evaltask.fold.1.univ.0017.Vczvfkt6e (done 00:00:17 ago)
SUMMARY 22.02.16 19:07: 31 tasks waiting, 40 tasks running, 304 tasks done.
          Oldest task running, started 00:02:03 ago: evaltask.fold.1.GI.0001.zioNM0d5f
          Newest task running started 00:00:00 ago: evaltask.fold.1.univ.0016.oHTQw2Cp5
        Recently achieved tasks:
          evaltask.fold.1.univ.0030.9ug2LiMh6 (done 00:00:07 ago)
          evaltask.fold.1.univ.0005.AlsLQNTKd (done 00:00:12 ago)
          evaltask.fold.1.GI.0030.yvyePZm9i (done 00:00:13 ago)
          evaltask.fold.1.univ.0023.VgYu5KPXv (done 00:00:14 ago)
          evaltask.fold.1.univ.0021.qVRaTWhz4 (done 00:00:14 ago)
          evaltask.fold.1.univ.0028.9TYkOBEvf (done 00:00:15 ago)
          evaltask.fold.1.univ.0036.g2dyS2oG9 (done 00:00:16 ago)
          evaltask.fold.1.univ.0037.USft0jg45 (done 00:00:18 ago)
          evaltask.fold.1.univ.0031.KNxO9QjzJ (done 00:00:20 ago)
          evaltask.fold.1.GI.0002.3v55Gk4h2 (done 00:00:24 ago)
SUMMARY 22.02.16 19:08: 23 tasks waiting, 40 tasks running, 313 tasks done.
          Oldest task running, started 00:02:43 ago: evaltask.fold.1.GI.0010.kVlzNrgv1
          Newest task running started 00:00:00 ago: evaltask.fold.1.univ.0036.GHsndK1FC
        Recently achieved tasks:
          evaltask.fold.1.GI.0003.ePieOO4d5 (done 00:00:04 ago)
          evaltask.fold.1.GI.0017.PnbHgNzMd (done 00:00:05 ago)
          evaltask.fold.1.GI.0001.zioNM0d5f (done 00:00:06 ago)
          evaltask.fold.1.GI.0044.ylkXH9kBc (done 00:00:11 ago)
          evaltask.fold.1.GI.0027.9lQnW5Nh5 (done 00:00:11 ago)
          evaltask.fold.1.univ.0035.OAEOD09bR (done 00:00:12 ago)
          evaltask.fold.1.GI.0004.hzxJeXlqW (done 00:00:24 ago)
          evaltask.fold.1.univ.0025.ctVF9S01v (done 00:00:36 ago)
          evaltask.fold.1.GI.0018.mDEhNpkf8 (done 00:00:37 ago)
          evaltask.fold.1.univ.0030.9ug2LiMh6 (done 00:00:48 ago)
SUMMARY 22.02.16 19:09: 11 tasks waiting, 40 tasks running, 325 tasks done.
          Oldest task running, started 00:03:23 ago: evaltask.fold.1.GI.0010.kVlzNrgv1
          Newest task running started 00:00:01 ago: evaltask.fold.1.strategy-as-meta.basic.0011.8Y3MtjalL
        Recently achieved tasks:
          evaltask.fold.1.GI.0030.fR6moun81 (done 00:00:02 ago)
          evaltask.fold.1.GI.0026.R62U9OQxH (done 00:00:03 ago)
          evaltask.fold.1.univ.0033.tC37Swu4x (done 00:00:04 ago)
          evaltask.fold.1.univ.0045.jZ5SqDogk (done 00:00:05 ago)
          evaltask.fold.1.univ.0045.Ybj6GbJpD (done 00:00:07 ago)
          evaltask.fold.1.GI.0028.U2otDZVOQ (done 00:00:13 ago)
          evaltask.fold.1.GI.0043.IcxpT8frZ (done 00:00:14 ago)
          evaltask.fold.1.univ.0049.pMnD3WNwD (done 00:00:31 ago)
          evaltask.fold.1.GI.0015.rPKZtm1ID (done 00:00:31 ago)
          evaltask.fold.1.GI.0050.cdcvSk4Y1 (done 00:00:32 ago)
SUMMARY 22.02.16 19:09: 0 tasks waiting, 17 tasks running, 360 tasks done.
          Oldest task running, started 00:02:43 ago: evaltask.fold.1.GI.0033.DPDQSTMD5
          Newest task running started 00:01:01 ago: evaltask.fold.1.univ.0046.cf2cOr1bh
        Recently achieved tasks:
          evaltask.fold.1.univ.0004.QvbXZG4HG (done 00:00:00 ago)
          evaltask.fold.1.univ.0014.s3VKCOEi5 (done 00:00:00 ago)
          evaltask.fold.1.GI.0047.GBzRwsKCh (done 00:00:05 ago)
          evaltask.fold.1.univ.0007.i5j34ZEc0 (done 00:00:06 ago)
          evaltask.fold.1.univ.0034.z1HPJjLdF (done 00:00:06 ago)
          evaltask.fold.1.univ.0015.Ey6J5HdG9 (done 00:00:08 ago)
          evaltask.fold.1.GI.0045.InM1gjTWK (done 00:00:10 ago)
          evaltask.fold.1.univ.0013.TZigfvkzO (done 00:00:13 ago)
          evaltask.fold.1.GI.0049.gYoCXXcAa (done 00:00:14 ago)
          evaltask.fold.1.univ.0005.VQuZDWUlH (done 00:00:15 ago)
SUMMARY 22.02.16 19:10: 0 tasks waiting, 2 tasks running, 375 tasks done.
          Oldest task running, started 00:03:23 ago: evaltask.fold.1.GI.0033.DPDQSTMD5
          Newest task running started 00:03:23 ago: evaltask.fold.1.GI.0034.Js9b0Xp0w
        Recently achieved tasks:
          evaltask.fold.1.univ.0039.dBBXoWNSk (done 00:00:08 ago)
          evaltask.fold.1.univ.0037.nk2bc40M0 (done 00:00:08 ago)
          evaltask.fold.1.univ.0035.vahm3xnly (done 00:00:08 ago)
          evaltask.fold.1.univ.0046.cf2cOr1bh (done 00:00:10 ago)
          evaltask.fold.1.univ.0019.iPfe8qP7M (done 00:00:14 ago)
          evaltask.fold.1.univ.0024.5ZCwR66Ve (done 00:00:22 ago)
          evaltask.fold.1.univ.0036.GHsndK1FC (done 00:00:25 ago)
          evaltask.fold.1.GI.0048.xnXkaqXFP (done 00:00:28 ago)
          evaltask.fold.1.univ.0028.hLldng39M (done 00:00:28 ago)
          evaltask.fold.1.GI.0036.hSzjs8yJn (done 00:00:31 ago)
SUMMARY 22.02.16 19:11: 0 tasks waiting, 2 tasks running, 375 tasks done.
          Oldest task running, started 00:04:04 ago: evaltask.fold.1.GI.0033.DPDQSTMD5
          Newest task running started 00:04:04 ago: evaltask.fold.1.GI.0034.Js9b0Xp0w
        Recently achieved tasks:
          evaltask.fold.1.univ.0039.dBBXoWNSk (done 00:00:49 ago)
          evaltask.fold.1.univ.0037.nk2bc40M0 (done 00:00:49 ago)
          evaltask.fold.1.univ.0035.vahm3xnly (done 00:00:49 ago)
          evaltask.fold.1.univ.0046.cf2cOr1bh (done 00:00:51 ago)
          evaltask.fold.1.univ.0019.iPfe8qP7M (done 00:00:55 ago)
          evaltask.fold.1.univ.0024.5ZCwR66Ve (done 00:01:03 ago)
          evaltask.fold.1.univ.0036.GHsndK1FC (done 00:01:06 ago)
          evaltask.fold.1.GI.0048.xnXkaqXFP (done 00:01:09 ago)
          evaltask.fold.1.univ.0028.hLldng39M (done 00:01:09 ago)
          evaltask.fold.1.GI.0036.hSzjs8yJn (done 00:01:12 ago)
SUMMARY 22.02.16 19:12: 0 tasks waiting, 1 tasks running, 376 tasks done.
          Oldest task running, started 00:04:44 ago: evaltask.fold.1.GI.0034.Js9b0Xp0w
          Newest task running started 00:04:44 ago: evaltask.fold.1.GI.0034.Js9b0Xp0w
        Recently achieved tasks:
          evaltask.fold.1.GI.0033.DPDQSTMD5 (done 00:00:20 ago)
          evaltask.fold.1.univ.0039.dBBXoWNSk (done 00:01:29 ago)
          evaltask.fold.1.univ.0037.nk2bc40M0 (done 00:01:29 ago)
          evaltask.fold.1.univ.0035.vahm3xnly (done 00:01:29 ago)
          evaltask.fold.1.univ.0046.cf2cOr1bh (done 00:01:31 ago)
          evaltask.fold.1.univ.0019.iPfe8qP7M (done 00:01:35 ago)
          evaltask.fold.1.univ.0024.5ZCwR66Ve (done 00:01:43 ago)
          evaltask.fold.1.univ.0036.GHsndK1FC (done 00:01:46 ago)
          evaltask.fold.1.GI.0048.xnXkaqXFP (done 00:01:49 ago)
          evaltask.fold.1.univ.0028.hLldng39M (done 00:01:49 ago)
SUMMARY 22.02.16 19:12: 0 tasks waiting, 1 tasks running, 377 tasks done.
          Oldest task running, started 00:00:00 ago: evaltask.fold.1.0061.pPKAjCMjN
          Newest task running started 00:00:00 ago: evaltask.fold.1.0061.pPKAjCMjN
        Recently achieved tasks:
          evaltask.fold.1.GI.0034.Js9b0Xp0w (done 00:00:32 ago)
          evaltask.fold.1.GI.0033.DPDQSTMD5 (done 00:01:00 ago)
          evaltask.fold.1.univ.0039.dBBXoWNSk (done 00:02:09 ago)
          evaltask.fold.1.univ.0037.nk2bc40M0 (done 00:02:09 ago)
          evaltask.fold.1.univ.0035.vahm3xnly (done 00:02:09 ago)
          evaltask.fold.1.univ.0046.cf2cOr1bh (done 00:02:11 ago)
          evaltask.fold.1.univ.0019.iPfe8qP7M (done 00:02:15 ago)
          evaltask.fold.1.univ.0024.5ZCwR66Ve (done 00:02:23 ago)
          evaltask.fold.1.univ.0036.GHsndK1FC (done 00:02:26 ago)
          evaltask.fold.1.GI.0048.xnXkaqXFP (done 00:02:29 ago)
SUMMARY 22.02.16 19:13: 0 tasks waiting, 0 tasks running, 378 tasks done.
        no task running currently.
        Recently achieved tasks:
          evaltask.fold.1.0061.pPKAjCMjN (done 00:00:39 ago)
          evaltask.fold.1.GI.0034.Js9b0Xp0w (done 00:01:12 ago)
          evaltask.fold.1.GI.0033.DPDQSTMD5 (done 00:01:40 ago)
          evaltask.fold.1.univ.0039.dBBXoWNSk (done 00:02:49 ago)
          evaltask.fold.1.univ.0037.nk2bc40M0 (done 00:02:49 ago)
          evaltask.fold.1.univ.0035.vahm3xnly (done 00:02:49 ago)
          evaltask.fold.1.univ.0046.cf2cOr1bh (done 00:02:51 ago)
          evaltask.fold.1.univ.0019.iPfe8qP7M (done 00:02:55 ago)
          evaltask.fold.1.univ.0024.5ZCwR66Ve (done 00:03:03 ago)
          evaltask.fold.1.univ.0036.GHsndK1FC (done 00:03:06 ago)
SUMMARY 22.02.16 19:14: 0 tasks waiting, 0 tasks running, 378 tasks done.
        no task running currently.
        Recently achieved tasks:
          evaltask.fold.1.0061.pPKAjCMjN (done 00:01:19 ago)
          evaltask.fold.1.GI.0034.Js9b0Xp0w (done 00:01:52 ago)
          evaltask.fold.1.GI.0033.DPDQSTMD5 (done 00:02:20 ago)
          evaltask.fold.1.univ.0039.dBBXoWNSk (done 00:03:29 ago)
          evaltask.fold.1.univ.0037.nk2bc40M0 (done 00:03:29 ago)
          evaltask.fold.1.univ.0035.vahm3xnly (done 00:03:29 ago)
          evaltask.fold.1.univ.0046.cf2cOr1bh (done 00:03:31 ago)
          evaltask.fold.1.univ.0019.iPfe8qP7M (done 00:03:35 ago)
          evaltask.fold.1.univ.0024.5ZCwR66Ve (done 00:03:43 ago)
          evaltask.fold.1.univ.0036.GHsndK1FC (done 00:03:46 ago)
SUMMARY 22.02.16 19:14: 0 tasks waiting, 0 tasks running, 378 tasks done.
        no task running currently.
        Recently achieved tasks:
          evaltask.fold.1.0061.pPKAjCMjN (done 00:01:59 ago)
          evaltask.fold.1.GI.0034.Js9b0Xp0w (done 00:02:32 ago)
          evaltask.fold.1.GI.0033.DPDQSTMD5 (done 00:03:00 ago)
          evaltask.fold.1.univ.0039.dBBXoWNSk (done 00:04:09 ago)
          evaltask.fold.1.univ.0037.nk2bc40M0 (done 00:04:09 ago)
          evaltask.fold.1.univ.0035.vahm3xnly (done 00:04:09 ago)
          evaltask.fold.1.univ.0046.cf2cOr1bh (done 00:04:11 ago)
          evaltask.fold.1.univ.0019.iPfe8qP7M (done 00:04:15 ago)
          evaltask.fold.1.univ.0024.5ZCwR66Ve (done 00:04:23 ago)
          evaltask.fold.1.univ.0036.GHsndK1FC (done 00:04:26 ago)
SUMMARY 22.02.16 19:15: 0 tasks waiting, 0 tasks running, 378 tasks done.
        no task running currently.
        Recently achieved tasks:
          evaltask.fold.1.0061.pPKAjCMjN (done 00:02:40 ago)
          evaltask.fold.1.GI.0034.Js9b0Xp0w (done 00:03:13 ago)
          evaltask.fold.1.GI.0033.DPDQSTMD5 (done 00:03:41 ago)
          evaltask.fold.1.univ.0039.dBBXoWNSk (done 00:04:50 ago)
          evaltask.fold.1.univ.0037.nk2bc40M0 (done 00:04:50 ago)
          evaltask.fold.1.univ.0035.vahm3xnly (done 00:04:50 ago)
          evaltask.fold.1.univ.0046.cf2cOr1bh (done 00:04:52 ago)
          evaltask.fold.1.univ.0019.iPfe8qP7M (done 00:04:56 ago)
          evaltask.fold.1.univ.0024.5ZCwR66Ve (done 00:05:04 ago)
          evaltask.fold.1.univ.0036.GHsndK1FC (done 00:05:07 ago)
SUMMARY 22.02.16 19:16: 0 tasks waiting, 0 tasks running, 378 tasks done.
        no task running currently.
        Recently achieved tasks:
          evaltask.fold.1.0061.pPKAjCMjN (done 00:03:20 ago)
          evaltask.fold.1.GI.0034.Js9b0Xp0w (done 00:03:53 ago)
          evaltask.fold.1.GI.0033.DPDQSTMD5 (done 00:04:21 ago)
          evaltask.fold.1.univ.0039.dBBXoWNSk (done 00:05:30 ago)
          evaltask.fold.1.univ.0037.nk2bc40M0 (done 00:05:30 ago)
          evaltask.fold.1.univ.0035.vahm3xnly (done 00:05:30 ago)
          evaltask.fold.1.univ.0046.cf2cOr1bh (done 00:05:32 ago)
          evaltask.fold.1.univ.0019.iPfe8qP7M (done 00:05:36 ago)
          evaltask.fold.1.univ.0024.5ZCwR66Ve (done 00:05:44 ago)
          evaltask.fold.1.univ.0036.GHsndK1FC (done 00:05:47 ago)
SUMMARY 22.02.16 19:16: 0 tasks waiting, 0 tasks running, 378 tasks done.
        no task running currently.
        Recently achieved tasks:
          evaltask.fold.1.0061.pPKAjCMjN (done 00:04:00 ago)
          evaltask.fold.1.GI.0034.Js9b0Xp0w (done 00:04:33 ago)
          evaltask.fold.1.GI.0033.DPDQSTMD5 (done 00:05:01 ago)
          evaltask.fold.1.univ.0039.dBBXoWNSk (done 00:06:10 ago)
          evaltask.fold.1.univ.0037.nk2bc40M0 (done 00:06:10 ago)
          evaltask.fold.1.univ.0035.vahm3xnly (done 00:06:10 ago)
          evaltask.fold.1.univ.0046.cf2cOr1bh (done 00:06:12 ago)
          evaltask.fold.1.univ.0019.iPfe8qP7M (done 00:06:16 ago)
          evaltask.fold.1.univ.0024.5ZCwR66Ve (done 00:06:24 ago)
          evaltask.fold.1.univ.0036.GHsndK1FC (done 00:06:27 ago)
SUMMARY 22.02.16 19:17: 0 tasks waiting, 0 tasks running, 378 tasks done.
        no task running currently.
        Recently achieved tasks:
          evaltask.fold.1.0061.pPKAjCMjN (done 00:04:40 ago)
          evaltask.fold.1.GI.0034.Js9b0Xp0w (done 00:05:13 ago)
          evaltask.fold.1.GI.0033.DPDQSTMD5 (done 00:05:41 ago)
          evaltask.fold.1.univ.0039.dBBXoWNSk (done 00:06:50 ago)
          evaltask.fold.1.univ.0037.nk2bc40M0 (done 00:06:50 ago)
          evaltask.fold.1.univ.0035.vahm3xnly (done 00:06:50 ago)
          evaltask.fold.1.univ.0046.cf2cOr1bh (done 00:06:52 ago)
          evaltask.fold.1.univ.0019.iPfe8qP7M (done 00:06:56 ago)
          evaltask.fold.1.univ.0024.5ZCwR66Ve (done 00:07:04 ago)
          evaltask.fold.1.univ.0036.GHsndK1FC (done 00:07:07 ago)
SUMMARY 22.02.16 19:18: 0 tasks waiting, 0 tasks running, 378 tasks done.
        no task running currently.
        Recently achieved tasks:
          evaltask.fold.1.0061.pPKAjCMjN (done 00:05:20 ago)
          evaltask.fold.1.GI.0034.Js9b0Xp0w (done 00:05:53 ago)
          evaltask.fold.1.GI.0033.DPDQSTMD5 (done 00:06:21 ago)
          evaltask.fold.1.univ.0039.dBBXoWNSk (done 00:07:30 ago)
          evaltask.fold.1.univ.0037.nk2bc40M0 (done 00:07:30 ago)
          evaltask.fold.1.univ.0035.vahm3xnly (done 00:07:30 ago)
          evaltask.fold.1.univ.0046.cf2cOr1bh (done 00:07:32 ago)
          evaltask.fold.1.univ.0019.iPfe8qP7M (done 00:07:36 ago)
          evaltask.fold.1.univ.0024.5ZCwR66Ve (done 00:07:44 ago)
          evaltask.fold.1.univ.0036.GHsndK1FC (done 00:07:47 ago)
SUMMARY 22.02.16 19:18: 0 tasks waiting, 0 tasks running, 378 tasks done.
        no task running currently.
        Recently achieved tasks:
          evaltask.fold.1.0061.pPKAjCMjN (done 00:06:00 ago)
          evaltask.fold.1.GI.0034.Js9b0Xp0w (done 00:06:33 ago)
          evaltask.fold.1.GI.0033.DPDQSTMD5 (done 00:07:01 ago)
          evaltask.fold.1.univ.0039.dBBXoWNSk (done 00:08:10 ago)
          evaltask.fold.1.univ.0037.nk2bc40M0 (done 00:08:10 ago)
          evaltask.fold.1.univ.0035.vahm3xnly (done 00:08:10 ago)
          evaltask.fold.1.univ.0046.cf2cOr1bh (done 00:08:12 ago)
          evaltask.fold.1.univ.0019.iPfe8qP7M (done 00:08:16 ago)
          evaltask.fold.1.univ.0024.5ZCwR66Ve (done 00:08:24 ago)
          evaltask.fold.1.univ.0036.GHsndK1FC (done 00:08:27 ago)
SUMMARY 22.02.16 19:19: 0 tasks waiting, 0 tasks running, 378 tasks done.
        no task running currently.
        Recently achieved tasks:
          evaltask.fold.1.0061.pPKAjCMjN (done 00:06:40 ago)
          evaltask.fold.1.GI.0034.Js9b0Xp0w (done 00:07:13 ago)
          evaltask.fold.1.GI.0033.DPDQSTMD5 (done 00:07:41 ago)
          evaltask.fold.1.univ.0039.dBBXoWNSk (done 00:08:50 ago)
          evaltask.fold.1.univ.0037.nk2bc40M0 (done 00:08:50 ago)
          evaltask.fold.1.univ.0035.vahm3xnly (done 00:08:50 ago)
          evaltask.fold.1.univ.0046.cf2cOr1bh (done 00:08:52 ago)
          evaltask.fold.1.univ.0019.iPfe8qP7M (done 00:08:56 ago)
          evaltask.fold.1.univ.0024.5ZCwR66Ve (done 00:09:04 ago)
          evaltask.fold.1.univ.0036.GHsndK1FC (done 00:09:07 ago)
SUMMARY 22.02.16 19:20: 0 tasks waiting, 0 tasks running, 378 tasks done.
        no task running currently.
        Recently achieved tasks:
          evaltask.fold.1.0061.pPKAjCMjN (done 00:07:21 ago)
          evaltask.fold.1.GI.0034.Js9b0Xp0w (done 00:07:54 ago)
          evaltask.fold.1.GI.0033.DPDQSTMD5 (done 00:08:22 ago)
          evaltask.fold.1.univ.0039.dBBXoWNSk (done 00:09:31 ago)
          evaltask.fold.1.univ.0037.nk2bc40M0 (done 00:09:31 ago)
          evaltask.fold.1.univ.0035.vahm3xnly (done 00:09:31 ago)
          evaltask.fold.1.univ.0046.cf2cOr1bh (done 00:09:33 ago)
          evaltask.fold.1.univ.0019.iPfe8qP7M (done 00:09:37 ago)
          evaltask.fold.1.univ.0024.5ZCwR66Ve (done 00:09:45 ago)
          evaltask.fold.1.univ.0036.GHsndK1FC (done 00:09:48 ago)
SUMMARY 22.02.16 19:20: 0 tasks waiting, 0 tasks running, 378 tasks done.
        no task running currently.
        Recently achieved tasks:
          evaltask.fold.1.0061.pPKAjCMjN (done 00:08:01 ago)
          evaltask.fold.1.GI.0034.Js9b0Xp0w (done 00:08:34 ago)
          evaltask.fold.1.GI.0033.DPDQSTMD5 (done 00:09:02 ago)
          evaltask.fold.1.univ.0039.dBBXoWNSk (done 00:10:11 ago)
          evaltask.fold.1.univ.0037.nk2bc40M0 (done 00:10:11 ago)
          evaltask.fold.1.univ.0035.vahm3xnly (done 00:10:11 ago)
          evaltask.fold.1.univ.0046.cf2cOr1bh (done 00:10:13 ago)
          evaltask.fold.1.univ.0019.iPfe8qP7M (done 00:10:17 ago)
          evaltask.fold.1.univ.0024.5ZCwR66Ve (done 00:10:25 ago)
          evaltask.fold.1.univ.0036.GHsndK1FC (done 00:10:28 ago)
SUMMARY 22.02.16 19:21: 0 tasks waiting, 0 tasks running, 378 tasks done.
        no task running currently.
        Recently achieved tasks:
          evaltask.fold.1.0061.pPKAjCMjN (done 00:08:41 ago)
          evaltask.fold.1.GI.0034.Js9b0Xp0w (done 00:09:14 ago)
          evaltask.fold.1.GI.0033.DPDQSTMD5 (done 00:09:42 ago)
          evaltask.fold.1.univ.0039.dBBXoWNSk (done 00:10:51 ago)
          evaltask.fold.1.univ.0037.nk2bc40M0 (done 00:10:51 ago)
          evaltask.fold.1.univ.0035.vahm3xnly (done 00:10:51 ago)
          evaltask.fold.1.univ.0046.cf2cOr1bh (done 00:10:53 ago)
          evaltask.fold.1.univ.0019.iPfe8qP7M (done 00:10:57 ago)
          evaltask.fold.1.univ.0024.5ZCwR66Ve (done 00:11:05 ago)
          evaltask.fold.1.univ.0036.GHsndK1FC (done 00:11:08 ago)
SUMMARY 22.02.16 19:22: 0 tasks waiting, 0 tasks running, 378 tasks done.
        no task running currently.
        Recently achieved tasks:
          evaltask.fold.1.0061.pPKAjCMjN (done 00:09:21 ago)
          evaltask.fold.1.GI.0034.Js9b0Xp0w (done 00:09:54 ago)
          evaltask.fold.1.GI.0033.DPDQSTMD5 (done 00:10:22 ago)
          evaltask.fold.1.univ.0039.dBBXoWNSk (done 00:11:31 ago)
          evaltask.fold.1.univ.0037.nk2bc40M0 (done 00:11:31 ago)
          evaltask.fold.1.univ.0035.vahm3xnly (done 00:11:31 ago)
          evaltask.fold.1.univ.0046.cf2cOr1bh (done 00:11:33 ago)
          evaltask.fold.1.univ.0019.iPfe8qP7M (done 00:11:37 ago)
          evaltask.fold.1.univ.0024.5ZCwR66Ve (done 00:11:45 ago)
          evaltask.fold.1.univ.0036.GHsndK1FC (done 00:11:48 ago)
SUMMARY 22.02.16 19:22: 0 tasks waiting, 0 tasks running, 378 tasks done.
        no task running currently.
        Recently achieved tasks:
          evaltask.fold.1.0061.pPKAjCMjN (done 00:10:01 ago)
          evaltask.fold.1.GI.0034.Js9b0Xp0w (done 00:10:34 ago)
          evaltask.fold.1.GI.0033.DPDQSTMD5 (done 00:11:02 ago)
          evaltask.fold.1.univ.0039.dBBXoWNSk (done 00:12:11 ago)
          evaltask.fold.1.univ.0037.nk2bc40M0 (done 00:12:11 ago)
          evaltask.fold.1.univ.0035.vahm3xnly (done 00:12:11 ago)
          evaltask.fold.1.univ.0046.cf2cOr1bh (done 00:12:13 ago)
          evaltask.fold.1.univ.0019.iPfe8qP7M (done 00:12:17 ago)
          evaltask.fold.1.univ.0024.5ZCwR66Ve (done 00:12:25 ago)
          evaltask.fold.1.univ.0036.GHsndK1FC (done 00:12:28 ago)
