SUMMARY 22.02.18 16:30: 0 tasks waiting, 0 tasks running, 0 tasks done.
        no task running currently.
        Recently achieved tasks:
SUMMARY 22.02.18 16:31: 1250 tasks waiting, 40 tasks running, 36 tasks done.
          Oldest task running, started 00:00:22 ago: evaltask.fold.1.GI.0034.1fur3j5wo
          Newest task running started 00:00:00 ago: evaltask.fold.1.GI.0017.ZPU2dKuEA
        Recently achieved tasks:
          evaltask.fold.1.basic.0028.gAqWOxZku (done 00:00:10 ago)
          evaltask.fold.1.basic.0007.3rZiYHU6c (done 00:00:10 ago)
          evaltask.fold.1.basic.0001.0Pz5RVkIl (done 00:00:10 ago)
          evaltask.fold.1.basic.0023.wAiYhYxyI (done 00:00:10 ago)
          evaltask.fold.1.basic.0024.mBxNgJe6k (done 00:00:10 ago)
          evaltask.fold.1.basic.0030.3vmf8ZOab (done 00:00:10 ago)
          evaltask.fold.1.basic.0006.PtwNsilKB (done 00:00:10 ago)
          evaltask.fold.1.basic.0010.nn6lDMbdf (done 00:00:10 ago)
          evaltask.fold.1.basic.0016.Qx5gPyXYJ (done 00:00:10 ago)
          evaltask.fold.1.basic.0018.FlaMhFypK (done 00:00:10 ago)
SUMMARY 22.02.18 16:32: 1210 tasks waiting, 40 tasks running, 79 tasks done.
          Oldest task running, started 00:01:04 ago: evaltask.fold.1.GI.0034.1fur3j5wo
          Newest task running started 00:00:00 ago: evaltask.fold.1.GI.0039.pxrpndrrn
        Recently achieved tasks:
          evaltask.fold.1.GI.0022.Cc3tUxqzj (done 00:00:02 ago)
          evaltask.fold.1.GI.0022.EeF9DbE16 (done 00:00:02 ago)
          evaltask.fold.1.basic.0024.LRMxRg0SF (done 00:00:09 ago)
          evaltask.fold.1.basic.0013.YsfwS1wUx (done 00:00:09 ago)
          evaltask.fold.1.basic.0040.lGo2nbXSl (done 00:00:09 ago)
          evaltask.fold.1.basic.0001.iv44wxK5Z (done 00:00:09 ago)
          evaltask.fold.1.basic.0008.sZDLkunGY (done 00:00:09 ago)
          evaltask.fold.1.GI.0002.6mgrtTJ2R (done 00:00:09 ago)
          evaltask.fold.1.GI.0002.92pj18sNJ (done 00:00:09 ago)
          evaltask.fold.1.GI.0017.ZPU2dKuEA (done 00:00:10 ago)
SUMMARY 22.02.18 16:32: 1192 tasks waiting, 40 tasks running, 100 tasks done.
          Oldest task running, started 00:01:02 ago: evaltask.fold.1.GI.0021.xaysRcdDx
          Newest task running started 00:00:00 ago: evaltask.fold.1.GI.0046.VtKzjuHli
        Recently achieved tasks:
          evaltask.fold.1.GI.0035.tD8ZHBIvm (done 00:00:06 ago)
          evaltask.fold.1.GI.0035.NA0x9huYS (done 00:00:06 ago)
          evaltask.fold.1.GI.0001.nQAwwSsf3 (done 00:00:12 ago)
          evaltask.fold.1.GI.0010.PXEWfe4Fr (done 00:00:12 ago)
          evaltask.fold.1.GI.0010.mgMeBJqbT (done 00:00:14 ago)
          evaltask.fold.1.GI.0001.xF1UeKtIB (done 00:00:14 ago)
          evaltask.fold.1.GI.0016.9AW1tAoHb (done 00:00:16 ago)
          evaltask.fold.1.GI.0016.sc795bpVz (done 00:00:17 ago)
          evaltask.fold.1.GI.0006.sJLlrDSak (done 00:00:18 ago)
          evaltask.fold.1.GI.0006.2rksUDZNr (done 00:00:18 ago)
SUMMARY 22.02.18 16:33: 1177 tasks waiting, 40 tasks running, 115 tasks done.
          Oldest task running, started 00:01:23 ago: evaltask.fold.1.GI.0034.AEX2s3Pok
          Newest task running started 00:00:00 ago: evaltask.fold.1.univ.0005.qfssvNson
        Recently achieved tasks:
          evaltask.fold.1.GI.0037.HFBC8mPaX (done 00:00:03 ago)
          evaltask.fold.1.GI.0001.KkSt2ZK8l (done 00:00:08 ago)
          evaltask.fold.1.GI.0001.DhI1GoHBu (done 00:00:17 ago)
          evaltask.fold.1.GI.0046.VtKzjuHli (done 00:00:19 ago)
          evaltask.fold.1.GI.0038.RmJ2DOHyL (done 00:00:20 ago)
          evaltask.fold.1.GI.0038.hhtTY8DN1 (done 00:00:24 ago)
          evaltask.fold.1.GI.0034.fn1tSIlH8 (done 00:00:26 ago)
          evaltask.fold.1.GI.0021.sp4FyznHU (done 00:00:27 ago)
          evaltask.fold.1.GI.0032.dDpIsYFvh (done 00:00:29 ago)
          evaltask.fold.1.GI.0032.rM9RTn4jW (done 00:00:30 ago)
SUMMARY 22.02.18 16:34: 1153 tasks waiting, 40 tasks running, 140 tasks done.
          Oldest task running, started 00:02:03 ago: evaltask.fold.1.GI.0039.7lizPFQOn
          Newest task running started 00:00:00 ago: evaltask.fold.1.GI.0030.2KhCG3t4r
        Recently achieved tasks:
          evaltask.fold.1.GI.0012.PG053Yuma (done 00:00:02 ago)
          evaltask.fold.1.univ.0003.nXPHrklfl (done 00:00:04 ago)
          evaltask.fold.1.univ.0003.Gt90GwVOq (done 00:00:08 ago)
          evaltask.fold.1.GI.0006.zxzRiPUyw (done 00:00:09 ago)
          evaltask.fold.1.GI.0008.kC5Er1jNJ (done 00:00:12 ago)
          evaltask.fold.1.GI.0008.XKKPBIR68 (done 00:00:15 ago)
          evaltask.fold.1.GI.0049.S3fwzPJQU (done 00:00:16 ago)
          evaltask.fold.1.GI.0006.zACkhDinu (done 00:00:17 ago)
          evaltask.fold.1.GI.0049.NYDIriJg6 (done 00:00:17 ago)
          evaltask.fold.1.GI.0004.qaPbpNhXZ (done 00:00:18 ago)
SUMMARY 22.02.18 16:35: 1135 tasks waiting, 40 tasks running, 160 tasks done.
          Oldest task running, started 00:02:44 ago: evaltask.fold.1.GI.0039.7lizPFQOn
          Newest task running started 00:00:00 ago: evaltask.fold.1.GI.0036.PaXMa29Ue
        Recently achieved tasks:
          evaltask.fold.1.GI.0023.1evmLAyWZ (done 00:00:02 ago)
          evaltask.fold.1.univ.0016.AQokPxnqO (done 00:00:04 ago)
          evaltask.fold.1.univ.0016.I1adgI3n8 (done 00:00:07 ago)
          evaltask.fold.1.univ.0011.PCz83YsWx (done 00:00:10 ago)
          evaltask.fold.1.univ.0031.MTD7C68T1 (done 00:00:11 ago)
          evaltask.fold.1.univ.0017.RPd7yeKOV (done 00:00:12 ago)
          evaltask.fold.1.univ.0011.PWauHrCGP (done 00:00:14 ago)
          evaltask.fold.1.univ.0012.wla0VSw6V (done 00:00:14 ago)
          evaltask.fold.1.GI.0018.wBiljrZaD (done 00:00:16 ago)
          evaltask.fold.1.GI.0012.Xu9RnfY9f (done 00:00:17 ago)
SUMMARY 22.02.18 16:35: 1120 tasks waiting, 40 tasks running, 176 tasks done.
          Oldest task running, started 00:03:25 ago: evaltask.fold.1.GI.0039.7lizPFQOn
          Newest task running started 00:00:00 ago: evaltask.fold.1.GI.0044.50YrvjnmB
        Recently achieved tasks:
          evaltask.fold.1.univ.0028.sqDIEkxYq (done 00:00:07 ago)
          evaltask.fold.1.univ.0027.H4McEaS1u (done 00:00:11 ago)
          evaltask.fold.1.univ.0027.bMPWsyHB8 (done 00:00:20 ago)
          evaltask.fold.1.GI.0027.G88BLjHlp (done 00:00:22 ago)
          evaltask.fold.1.GI.0021.HPc9CRoS0 (done 00:00:23 ago)
          evaltask.fold.1.univ.0019.qJNNSjmWd (done 00:00:25 ago)
          evaltask.fold.1.univ.0026.TYWprCw1K (done 00:00:25 ago)
          evaltask.fold.1.GI.0021.O72iFdK1Z (done 00:00:27 ago)
          evaltask.fold.1.univ.0017.9Bm9GkSmc (done 00:00:27 ago)
          evaltask.fold.1.GI.0026.f7fqGiCfV (done 00:00:28 ago)
SUMMARY 22.02.18 16:36: 1092 tasks waiting, 40 tasks running, 204 tasks done.
          Oldest task running, started 00:04:07 ago: evaltask.fold.1.GI.0039.7lizPFQOn
          Newest task running started 00:00:01 ago: evaltask.fold.1.univ.0021.heg3nAis2
        Recently achieved tasks:
          evaltask.fold.1.GI.0037.41YdQvjOK (done 00:00:01 ago)
          evaltask.fold.1.GI.0034.HVWWgdeKZ (done 00:00:04 ago)
          evaltask.fold.1.GI.0034.VWcFjQAjQ (done 00:00:04 ago)
          evaltask.fold.1.GI.0039.pxrpndrrn (done 00:00:07 ago)
          evaltask.fold.1.univ.0040.01huU3RuQ (done 00:00:11 ago)
          evaltask.fold.1.GI.0036.PaXMa29Ue (done 00:00:14 ago)
          evaltask.fold.1.univ.0040.IAABcu8Yc (done 00:00:15 ago)
          evaltask.fold.1.GI.0036.ihNWevMJI (done 00:00:15 ago)
          evaltask.fold.1.GI.0035.WOR8zrdrb (done 00:00:16 ago)
          evaltask.fold.1.GI.0033.JtXSWazXh (done 00:00:16 ago)
SUMMARY 22.02.18 16:37: 1070 tasks waiting, 40 tasks running, 228 tasks done.
          Oldest task running, started 00:01:02 ago: evaltask.fold.1.GI.0042.5RZptm9vm
          Newest task running started 00:00:00 ago: evaltask.fold.1.basic.0022.nbrPIwLgn
        Recently achieved tasks:
          evaltask.fold.1.GI.0048.hWtVh2PBX (done 00:00:01 ago)
          evaltask.fold.1.GI.0048.RX2HX8TnV (done 00:00:05 ago)
          evaltask.fold.1.basic.0015.xY5mjrfDO (done 00:00:07 ago)
          evaltask.fold.2.basic.0022.rbpo35DiZ (done 00:00:07 ago)
          evaltask.fold.1.univ.0007.MDWLUXHdX (done 00:00:07 ago)
          evaltask.fold.1.basic.0013.GohGU8WxD (done 00:00:11 ago)
          evaltask.fold.1.basic.0002.EKX75nLUJ (done 00:00:12 ago)
          evaltask.fold.1.basic.0012.rjjHTE6ta (done 00:00:12 ago)
          evaltask.fold.1.univ.0047.ORqCPVwJK (done 00:00:12 ago)
          evaltask.fold.1.GI.0047.dIqSErp9g (done 00:00:13 ago)
SUMMARY 22.02.18 16:37: 1043 tasks waiting, 40 tasks running, 257 tasks done.
          Oldest task running, started 00:01:43 ago: evaltask.fold.1.univ.0001.156u3PqyC
          Newest task running started 00:00:00 ago: evaltask.fold.1.univ.0045.c2lEh8LRL
        Recently achieved tasks:
          evaltask.fold.1.univ.0020.OzXM3Ptop (done 00:00:03 ago)
          evaltask.fold.1.univ.0004.10yvYVf0y (done 00:00:03 ago)
          evaltask.fold.1.univ.0018.vLYbUinzm (done 00:00:04 ago)
          evaltask.fold.1.univ.0018.2ulu3Vx01 (done 00:00:04 ago)
          evaltask.fold.1.univ.0017.tgavSi066 (done 00:00:04 ago)
          evaltask.fold.1.basic.0025.8G3Nkj52X (done 00:00:05 ago)
          evaltask.fold.1.basic.0024.lHEl4bZUw (done 00:00:06 ago)
          evaltask.fold.1.basic.0030.PT2x2uARM (done 00:00:08 ago)
          evaltask.fold.1.basic.0025.APz9O0Hmo (done 00:00:08 ago)
          evaltask.fold.1.basic.0035.MBGmjhO9g (done 00:00:10 ago)
SUMMARY 22.02.18 16:38: 1015 tasks waiting, 40 tasks running, 285 tasks done.
          Oldest task running, started 00:01:23 ago: evaltask.fold.1.univ.0024.AdCd7JO5O
          Newest task running started 00:00:00 ago: evaltask.fold.1.GI.0020.kEwB1oyed
        Recently achieved tasks:
          evaltask.fold.1.univ.0033.vtjvKDhhg (done 00:00:05 ago)
          evaltask.fold.1.univ.0021.SuMZgLwnV (done 00:00:06 ago)
          evaltask.fold.1.univ.0033.B0foSBTfw (done 00:00:11 ago)
          evaltask.fold.1.univ.0034.J55FbyndP (done 00:00:11 ago)
          evaltask.fold.1.basic.0044.6PlOeZTnG (done 00:00:14 ago)
          evaltask.fold.1.univ.0024.7vAGDgqXG (done 00:00:14 ago)
          evaltask.fold.1.basic.0050.DV4Lj4Qcw (done 00:00:15 ago)
          evaltask.fold.1.basic.0042.EpMNJBNoD (done 00:00:15 ago)
          evaltask.fold.1.basic.0049.k7p1XwWbo (done 00:00:15 ago)
          evaltask.fold.1.basic.0050.u8ewfVaYQ (done 00:00:16 ago)
SUMMARY 22.02.18 16:39: 996 tasks waiting, 40 tasks running, 305 tasks done.
          Oldest task running, started 00:01:23 ago: evaltask.fold.1.univ.0042.IVWMsBxJH
          Newest task running started 00:00:00 ago: evaltask.fold.1.GI.0042.FuGt4hc38
        Recently achieved tasks:
          evaltask.fold.1.univ.0045.nj8KDiVta (done 00:00:01 ago)
          evaltask.fold.1.GI.0002.OkEaG0I5g (done 00:00:02 ago)
          evaltask.fold.1.univ.0047.0G2MD75N8 (done 00:00:04 ago)
          evaltask.fold.1.GI.0020.kEwB1oyed (done 00:00:05 ago)
          evaltask.fold.1.univ.0038.V94sZPkEh (done 00:00:07 ago)
          evaltask.fold.1.GI.0002.PrGZUXSX6 (done 00:00:07 ago)
          evaltask.fold.1.univ.0040.WiVOf72UK (done 00:00:10 ago)
          evaltask.fold.1.GI.0018.Qs0cAtZqd (done 00:00:10 ago)
          evaltask.fold.1.GI.0003.m9egKRkpN (done 00:00:12 ago)
          evaltask.fold.1.GI.0019.g0P3CImwQ (done 00:00:12 ago)
SUMMARY 22.02.18 16:39: 965 tasks waiting, 40 tasks running, 340 tasks done.
          Oldest task running, started 00:00:42 ago: evaltask.fold.1.GI.0028.xt2dQXTpZ
          Newest task running started 00:00:00 ago: evaltask.fold.2.basic.0014.RElmrMsAZ
        Recently achieved tasks:
          evaltask.fold.1.GI.0004.zkAkKL7wg (done 00:00:01 ago)
          evaltask.fold.1.GI.0004.X0KpLMxTF (done 00:00:01 ago)
          evaltask.fold.1.GI.0021.60BO6qRRN (done 00:00:03 ago)
          evaltask.fold.1.GI.0036.vGx1chA8e (done 00:00:03 ago)
          evaltask.fold.1.GI.0030.QT9IkXoz5 (done 00:00:04 ago)
          evaltask.fold.1.GI.0023.Sco2DkAus (done 00:00:04 ago)
          evaltask.fold.1.GI.0028.Yc5pMRCrd (done 00:00:05 ago)
          evaltask.fold.1.GI.0030.vRAOBUGEn (done 00:00:05 ago)
          evaltask.fold.1.GI.0032.jCWRA8Uan (done 00:00:06 ago)
          evaltask.fold.1.GI.0032.kiVq8htzV (done 00:00:07 ago)
SUMMARY 22.02.18 16:40: 925 tasks waiting, 39 tasks running, 383 tasks done.
          Oldest task running, started 00:01:03 ago: evaltask.fold.1.univ.0003.7OGqcoCll
          Newest task running started 00:00:00 ago: evaltask.fold.2.basic.0045.Sjqn9GnGM
        Recently achieved tasks:
          evaltask.fold.1.univ.0021.OHpqagWht (done 00:00:01 ago)
          evaltask.fold.1.univ.0027.BWyQ4XOhk (done 00:00:01 ago)
          evaltask.fold.1.univ.0005.LeByBCeCz (done 00:00:02 ago)
          evaltask.fold.1.GI.0042.wvv9JbWqX (done 00:00:07 ago)
          evaltask.fold.1.univ.0005.fd6K1y3Xk (done 00:00:08 ago)
          evaltask.fold.1.basic.0019.sHUSZStpZ (done 00:00:09 ago)
          evaltask.fold.1.GI.0043.CYfT62Eqq (done 00:00:09 ago)
          evaltask.fold.1.GI.0043.ZCHshxh0J (done 00:00:09 ago)
          evaltask.fold.1.univ.0013.ihkssKXob (done 00:00:10 ago)
          evaltask.fold.2.basic.0025.41PHqo90j (done 00:00:11 ago)
SUMMARY 22.02.18 16:41: 888 tasks waiting, 40 tasks running, 420 tasks done.
          Oldest task running, started 00:01:02 ago: evaltask.fold.1.univ.0029.rDOOPyFaB
          Newest task running started 00:00:00 ago: evaltask.fold.2.GI.0030.ubDLfcwWs
        Recently achieved tasks:
          evaltask.fold.1.univ.0026.qOPIDhR40 (done 00:00:10 ago)
          evaltask.fold.1.univ.0003.auDMRocgK (done 00:00:11 ago)
          evaltask.fold.2.basic.0044.kw7PQmpkv (done 00:00:11 ago)
          evaltask.fold.1.univ.0050.Fxe3XEun8 (done 00:00:11 ago)
          evaltask.fold.1.univ.0026.y1CT1WXdE (done 00:00:12 ago)
          evaltask.fold.2.basic.0047.RcIVslk2J (done 00:00:13 ago)
          evaltask.fold.2.basic.0046.7rN2tXD49 (done 00:00:14 ago)
          evaltask.fold.2.basic.0049.3DgyMUxE0 (done 00:00:14 ago)
          evaltask.fold.2.basic.0045.v8ZdjiQPY (done 00:00:14 ago)
          evaltask.fold.1.univ.0033.NksUS7z1g (done 00:00:16 ago)
SUMMARY 22.02.18 16:41: 874 tasks waiting, 40 tasks running, 438 tasks done.
          Oldest task running, started 00:01:43 ago: evaltask.fold.1.univ.0030.DoiKy7QFm
          Newest task running started 00:00:00 ago: evaltask.fold.2.basic.0002.4OdRnasCq
        Recently achieved tasks:
          evaltask.fold.2.GI.0017.wzBGaVuNM (done 00:00:01 ago)
          evaltask.fold.1.univ.0030.9R5XcETtu (done 00:00:02 ago)
          evaltask.fold.2.GI.0005.dtHv4KbK2 (done 00:00:06 ago)
          evaltask.fold.2.GI.0002.q1oHV88cQ (done 00:00:07 ago)
          evaltask.fold.1.univ.0047.LsWOFIDQl (done 00:00:08 ago)
          evaltask.fold.2.GI.0004.e3bxXpzsT (done 00:00:08 ago)
          evaltask.fold.2.GI.0005.Rzdr5JY0n (done 00:00:11 ago)
          evaltask.fold.2.GI.0030.ubDLfcwWs (done 00:00:12 ago)
          evaltask.fold.2.GI.0002.Qr7Et1fjw (done 00:00:13 ago)
          evaltask.fold.1.univ.0029.6l1wzl5Y1 (done 00:00:13 ago)
SUMMARY 22.02.18 16:42: 856 tasks waiting, 40 tasks running, 458 tasks done.
          Oldest task running, started 00:01:43 ago: evaltask.fold.2.GI.0001.sNSxMT4Fa
          Newest task running started 00:00:00 ago: evaltask.fold.1.basic.0021.RnpOUgAIB
        Recently achieved tasks:
          evaltask.fold.2.GI.0046.uTyxyrul0 (done 00:00:03 ago)
          evaltask.fold.2.GI.0025.8bhrX6K7p (done 00:00:03 ago)
          evaltask.fold.2.GI.0041.Z9CAwoGB9 (done 00:00:03 ago)
          evaltask.fold.2.GI.0022.2U4q0OggX (done 00:00:04 ago)
          evaltask.fold.2.GI.0041.jJ7EjYxx4 (done 00:00:06 ago)
          evaltask.fold.2.GI.0022.024xwZmqb (done 00:00:07 ago)
          evaltask.fold.2.basic.0001.F9AR8ZWbg (done 00:00:07 ago)
          evaltask.fold.2.basic.0002.cgyjcnLEZ (done 00:00:08 ago)
          evaltask.fold.2.GI.0025.yTOm05F4n (done 00:00:09 ago)
          evaltask.fold.2.GI.0042.c6FvBip2V (done 00:00:13 ago)
SUMMARY 22.02.18 16:43: 831 tasks waiting, 40 tasks running, 485 tasks done.
          Oldest task running, started 00:02:24 ago: evaltask.fold.2.GI.0001.sNSxMT4Fa
          Newest task running started 00:00:01 ago: evaltask.fold.2.univ.0019.Qor7ZO8fV
        Recently achieved tasks:
          evaltask.fold.2.GI.0003.BICleTQZm (done 00:00:02 ago)
          evaltask.fold.2.GI.0033.uT4zVDKuN (done 00:00:05 ago)
          evaltask.fold.2.GI.0045.PM6rBAeOw (done 00:00:11 ago)
          evaltask.fold.2.basic.0014.pNJYuKH5I (done 00:00:14 ago)
          evaltask.fold.2.basic.0017.lgIKt0q76 (done 00:00:14 ago)
          evaltask.fold.2.basic.0011.ai50irmAr (done 00:00:15 ago)
          evaltask.fold.2.basic.0014.mBOjqLfjO (done 00:00:16 ago)
          evaltask.fold.2.basic.0020.OpHAKpeUG (done 00:00:16 ago)
          evaltask.fold.2.GI.0006.rOtlP5yKE (done 00:00:16 ago)
          evaltask.fold.2.basic.0017.IKzrRwACe (done 00:00:16 ago)
SUMMARY 22.02.18 16:43: 811 tasks waiting, 40 tasks running, 505 tasks done.
          Oldest task running, started 00:03:06 ago: evaltask.fold.2.GI.0001.sNSxMT4Fa
          Newest task running started 00:00:01 ago: evaltask.fold.2.univ.0025.WYdcI62uZ
        Recently achieved tasks:
          evaltask.fold.2.GI.0019.Nx9hM5Hw5 (done 00:00:01 ago)
          evaltask.fold.1.GI.0008.bLCFM4Tuh (done 00:00:02 ago)
          evaltask.fold.2.GI.0049.8AnBxoK2o (done 00:00:08 ago)
          evaltask.fold.2.basic.0024.yAl9v4gt2 (done 00:00:13 ago)
          evaltask.fold.2.basic.0026.cdMUGeTqf (done 00:00:13 ago)
          evaltask.fold.2.GI.0019.EyyF1xRti (done 00:00:14 ago)
          evaltask.fold.2.basic.0034.PEqjj7DNz (done 00:00:14 ago)
          evaltask.fold.2.basic.0030.UiIpl8ceY (done 00:00:15 ago)
          evaltask.fold.2.basic.0026.a12gXqdpH (done 00:00:15 ago)
          evaltask.fold.2.GI.0049.aRs99jOwl (done 00:00:16 ago)
SUMMARY 22.02.18 16:44: 790 tasks waiting, 40 tasks running, 529 tasks done.
          Oldest task running, started 00:03:47 ago: evaltask.fold.2.GI.0001.sNSxMT4Fa
          Newest task running started 00:00:00 ago: evaltask.fold.2.univ.0036.PkmQI5qIC
        Recently achieved tasks:
          evaltask.fold.2.univ.0010.JfWXdudBN (done 00:00:05 ago)
          evaltask.fold.2.univ.0019.Qor7ZO8fV (done 00:00:06 ago)
          evaltask.fold.2.univ.0016.rtQCqKHjy (done 00:00:06 ago)
          evaltask.fold.2.GI.0047.PJvgcfeR5 (done 00:00:06 ago)
          evaltask.fold.2.basic.0037.QRGeYHwjh (done 00:00:13 ago)
          evaltask.fold.2.basic.0036.XCDrdNSbP (done 00:00:13 ago)
          evaltask.fold.2.basic.0035.xxf1HvTVT (done 00:00:13 ago)
          evaltask.fold.2.GI.0014.1p1k2qXpW (done 00:00:14 ago)
          evaltask.fold.2.basic.0040.9Y3P6h3AF (done 00:00:14 ago)
          evaltask.fold.2.basic.0038.7kDZHiAKZ (done 00:00:15 ago)
SUMMARY 22.02.18 16:45: 767 tasks waiting, 40 tasks running, 553 tasks done.
          Oldest task running, started 00:04:28 ago: evaltask.fold.2.GI.0001.sNSxMT4Fa
          Newest task running started 00:00:00 ago: evaltask.fold.2.univ.0048.YRzNy0JEQ
        Recently achieved tasks:
          evaltask.fold.1.univ.0007.q4k7wWyPf (done 00:00:06 ago)
          evaltask.fold.2.univ.0027.WgkGi74w3 (done 00:00:08 ago)
          evaltask.fold.2.GI.0018.Uys5IgeA9 (done 00:00:08 ago)
          evaltask.fold.2.univ.0026.ZgJ1dAe33 (done 00:00:08 ago)
          evaltask.fold.2.basic.0049.tewaXr9Se (done 00:00:13 ago)
          evaltask.fold.2.basic.0043.DSWyq0TvY (done 00:00:13 ago)
          evaltask.fold.2.basic.0045.IPuLL7yNY (done 00:00:14 ago)
          evaltask.fold.2.univ.0023.qz2VSUQQp (done 00:00:14 ago)
          evaltask.fold.2.univ.0016.iVn2NfMNy (done 00:00:15 ago)
          evaltask.fold.2.basic.0049.ctCQsMuhr (done 00:00:15 ago)
SUMMARY 22.02.18 16:46: 752 tasks waiting, 40 tasks running, 568 tasks done.
          Oldest task running, started 00:05:09 ago: evaltask.fold.2.GI.0001.sNSxMT4Fa
          Newest task running started 00:00:00 ago: evaltask.fold.2.GI.0018.2N48IGRKP
        Recently achieved tasks:
          evaltask.fold.2.univ.0036.PkmQI5qIC (done 00:00:02 ago)
          evaltask.fold.2.univ.0035.ynyGc61mR (done 00:00:06 ago)
          evaltask.fold.2.univ.0033.x0QuhwQCm (done 00:00:08 ago)
          evaltask.fold.2.GI.0037.VOKkTUXSK (done 00:00:10 ago)
          evaltask.fold.2.univ.0036.gjV6SlgnY (done 00:00:11 ago)
          evaltask.fold.2.univ.0045.qCCZdrOMr (done 00:00:13 ago)
          evaltask.fold.2.univ.0025.WYdcI62uZ (done 00:00:18 ago)
          evaltask.fold.2.univ.0027.rhTFgufIQ (done 00:00:20 ago)
          evaltask.fold.2.univ.0023.grMEDytEl (done 00:00:24 ago)
          evaltask.fold.2.univ.0030.sbrXHze2z (done 00:00:25 ago)
SUMMARY 22.02.18 16:46: 738 tasks waiting, 40 tasks running, 582 tasks done.
          Oldest task running, started 00:01:43 ago: evaltask.fold.2.univ.0037.qMpOaNhT2
          Newest task running started 00:00:01 ago: evaltask.fold.2.GI.0028.HT1JsZ07P
        Recently achieved tasks:
          evaltask.fold.2.univ.0047.NVJYy2PUO (done 00:00:02 ago)
          evaltask.fold.2.univ.0050.VqnruqRkE (done 00:00:10 ago)
          evaltask.fold.2.GI.0001.74uUmkm9E (done 00:00:17 ago)
          evaltask.fold.2.univ.0042.YrwEf6D0g (done 00:00:17 ago)
          evaltask.fold.2.GI.0023.a8SVK2pHz (done 00:00:23 ago)
          evaltask.fold.2.GI.0023.CEP8eRPWy (done 00:00:26 ago)
          evaltask.fold.2.GI.0037.YPrbzPtY8 (done 00:00:28 ago)
          evaltask.fold.2.univ.0043.B1fBWAcit (done 00:00:29 ago)
          evaltask.fold.2.univ.0042.IT5CpRpTF (done 00:00:30 ago)
          evaltask.fold.2.univ.0047.QVyXoyaSV (done 00:00:33 ago)
SUMMARY 22.02.18 16:47: 735 tasks waiting, 40 tasks running, 587 tasks done.
          Oldest task running, started 00:02:23 ago: evaltask.fold.2.GI.0003.aKOwLhPMO
          Newest task running started 00:00:00 ago: evaltask.fold.1.basic.0002.7ePx1aGSi
        Recently achieved tasks:
          evaltask.fold.1.basic.0002.xqrC0Ltxc (done 00:00:00 ago)
          evaltask.fold.2.GI.0019.ODR3vrle4 (done 00:00:01 ago)
          evaltask.fold.2.univ.0048.YRzNy0JEQ (done 00:00:16 ago)
          evaltask.fold.2.univ.0050.ZQWY3yr23 (done 00:00:22 ago)
          evaltask.fold.2.univ.0048.UqmKrfNfA (done 00:00:28 ago)
          evaltask.fold.2.univ.0037.qMpOaNhT2 (done 00:00:37 ago)
          evaltask.fold.2.univ.0047.NVJYy2PUO (done 00:00:42 ago)
          evaltask.fold.2.univ.0050.VqnruqRkE (done 00:00:50 ago)
          evaltask.fold.2.GI.0001.74uUmkm9E (done 00:00:57 ago)
          evaltask.fold.2.univ.0042.YrwEf6D0g (done 00:00:57 ago)
SUMMARY 22.02.18 16:48: 730 tasks waiting, 40 tasks running, 592 tasks done.
          Oldest task running, started 00:03:04 ago: evaltask.fold.2.GI.0003.aKOwLhPMO
          Newest task running started 00:00:00 ago: evaltask.fold.1.basic.0021.3bRjCVVsr
        Recently achieved tasks:
          evaltask.fold.1.basic.0010.2ns0f0DVJ (done 00:00:04 ago)
          evaltask.fold.2.GI.0019.6yRRC2Bkz (done 00:00:12 ago)
          evaltask.fold.2.GI.0006.A9zdDpqQr (done 00:00:33 ago)
          evaltask.fold.2.GI.0006.JMMl5d60A (done 00:00:36 ago)
          evaltask.fold.1.basic.0002.xqrC0Ltxc (done 00:00:41 ago)
          evaltask.fold.2.GI.0019.ODR3vrle4 (done 00:00:42 ago)
          evaltask.fold.2.univ.0048.YRzNy0JEQ (done 00:00:57 ago)
          evaltask.fold.2.univ.0050.ZQWY3yr23 (done 00:01:03 ago)
          evaltask.fold.2.univ.0048.UqmKrfNfA (done 00:01:09 ago)
          evaltask.fold.2.univ.0037.qMpOaNhT2 (done 00:01:18 ago)
SUMMARY 22.02.18 16:48: 723 tasks waiting, 40 tasks running, 599 tasks done.
          Oldest task running, started 00:03:45 ago: evaltask.fold.2.GI.0003.aKOwLhPMO
          Newest task running started 00:00:01 ago: evaltask.fold.2.GI.0048.tv0TdZJfk
        Recently achieved tasks:
          evaltask.fold.1.basic.0022.IXyb5LcFD (done 00:00:11 ago)
          evaltask.fold.2.GI.0005.ZV7GZNfCp (done 00:00:12 ago)
          evaltask.fold.2.GI.0040.A1m2e0zRU (done 00:00:15 ago)
          evaltask.fold.1.basic.0010.vko8wA0b3 (done 00:00:24 ago)
          evaltask.fold.1.basic.0021.3bRjCVVsr (done 00:00:29 ago)
          evaltask.fold.1.basic.0002.7ePx1aGSi (done 00:00:32 ago)
          evaltask.fold.2.GI.0005.DWSOLdd9H (done 00:00:37 ago)
          evaltask.fold.1.basic.0010.2ns0f0DVJ (done 00:00:45 ago)
          evaltask.fold.2.GI.0019.6yRRC2Bkz (done 00:00:53 ago)
          evaltask.fold.2.GI.0006.A9zdDpqQr (done 00:01:14 ago)
SUMMARY 22.02.18 16:49: 710 tasks waiting, 40 tasks running, 613 tasks done.
          Oldest task running, started 00:04:05 ago: evaltask.fold.2.GI.0003.cjcAXFaYH
          Newest task running started 00:00:00 ago: evaltask.fold.2.univ.0004.cgCD8bp3i
        Recently achieved tasks:
          evaltask.fold.2.GI.0009.VSzmJRhag (done 00:00:06 ago)
          evaltask.fold.2.GI.0007.lWzOhpOM1 (done 00:00:07 ago)
          evaltask.fold.1.basic.0025.pQugAzcih (done 00:00:13 ago)
          evaltask.fold.2.GI.0014.BjN3dyb4L (done 00:00:13 ago)
          evaltask.fold.1.basic.0027.qIF6mYa8t (done 00:00:14 ago)
          evaltask.fold.1.basic.0022.IbeUW5qgI (done 00:00:14 ago)
          evaltask.fold.1.basic.0025.VlSpmi9Rr (done 00:00:15 ago)
          evaltask.fold.2.GI.0003.aKOwLhPMO (done 00:00:17 ago)
          evaltask.fold.2.GI.0015.qUsumCgnd (done 00:00:21 ago)
          evaltask.fold.1.basic.0022.yqHhYQ9PJ (done 00:00:30 ago)
SUMMARY 22.02.18 16:50: 689 tasks waiting, 40 tasks running, 635 tasks done.
          Oldest task running, started 00:04:05 ago: evaltask.fold.2.GI.0017.OFvYpAtJa
          Newest task running started 00:00:00 ago: evaltask.fold.1.basic.0041.9J5BN14df
        Recently achieved tasks:
          evaltask.fold.2.GI.0022.Xs7p7vdRq (done 00:00:00 ago)
          evaltask.fold.2.GI.0048.tv0TdZJfk (done 00:00:01 ago)
          evaltask.fold.2.GI.0018.2N48IGRKP (done 00:00:01 ago)
          evaltask.fold.2.GI.0028.HT1JsZ07P (done 00:00:02 ago)
          evaltask.fold.2.GI.0023.j4aI2KBGf (done 00:00:03 ago)
          evaltask.fold.2.GI.0038.SdLrVWeYf (done 00:00:06 ago)
          evaltask.fold.2.GI.0040.QWkv5YXDO (done 00:00:07 ago)
          evaltask.fold.1.basic.0031.FrYL0cFrd (done 00:00:11 ago)
          evaltask.fold.1.basic.0031.bviGcNorE (done 00:00:14 ago)
          evaltask.fold.1.basic.0036.bEquOrRX8 (done 00:00:14 ago)
SUMMARY 22.02.18 16:50: 661 tasks waiting, 40 tasks running, 663 tasks done.
          Oldest task running, started 00:04:26 ago: evaltask.fold.2.GI.0021.0cFBYJr8c
          Newest task running started 00:00:00 ago: evaltask.fold.1.GI.0003.vhV63PpGh
        Recently achieved tasks:
          evaltask.fold.2.univ.0021.tvPOzzjju (done 00:00:01 ago)
          evaltask.fold.2.univ.0011.Xe12s1iqM (done 00:00:02 ago)
          evaltask.fold.2.GI.0029.q6o69YiVv (done 00:00:04 ago)
          evaltask.fold.2.GI.0017.BLxSND9Ro (done 00:00:08 ago)
          evaltask.fold.2.GI.0025.hhIEwg2rh (done 00:00:09 ago)
          evaltask.fold.2.univ.0004.0GwY0ULjC (done 00:00:10 ago)
          evaltask.fold.2.univ.0006.UZ3olfTTw (done 00:00:10 ago)
          evaltask.fold.2.univ.0002.Q2oYTjX7t (done 00:00:13 ago)
          evaltask.fold.1.basic.0044.j3d6h7k1u (done 00:00:13 ago)
          evaltask.fold.1.basic.0042.AW4l52rfA (done 00:00:13 ago)
SUMMARY 22.02.18 16:51: 640 tasks waiting, 40 tasks running, 685 tasks done.
          Oldest task running, started 00:05:07 ago: evaltask.fold.2.GI.0024.IORBLd5H9
          Newest task running started 00:00:00 ago: evaltask.fold.1.GI.0017.r11UtwdJ2
        Recently achieved tasks:
          evaltask.fold.2.univ.0033.9CU8HltWQ (done 00:00:03 ago)
          evaltask.fold.2.univ.0018.yfAzUHYz6 (done 00:00:04 ago)
          evaltask.fold.2.GI.0043.ZgQz2W49n (done 00:00:06 ago)
          evaltask.fold.1.GI.0010.THjfy1gAZ (done 00:00:08 ago)
          evaltask.fold.2.univ.0020.JnvYep5oP (done 00:00:08 ago)
          evaltask.fold.2.univ.0024.oAok1ujUO (done 00:00:10 ago)
          evaltask.fold.2.univ.0025.MiKnRPgLD (done 00:00:12 ago)
          evaltask.fold.2.univ.0011.KyM0eNaBG (done 00:00:14 ago)
          evaltask.fold.1.GI.0010.oucgU9mDR (done 00:00:18 ago)
          evaltask.fold.2.univ.0021.ndJcwHgwT (done 00:00:21 ago)
SUMMARY 22.02.18 16:52: 619 tasks waiting, 40 tasks running, 708 tasks done.
          Oldest task running, started 00:03:26 ago: evaltask.fold.2.GI.0043.hrdmL97h5
          Newest task running started 00:00:00 ago: evaltask.fold.1.GI.0031.iveS5QtyQ
        Recently achieved tasks:
          evaltask.fold.2.univ.0032.TzwCyLmgc (done 00:00:03 ago)
          evaltask.fold.2.univ.0034.8FYjw5DXT (done 00:00:05 ago)
          evaltask.fold.1.GI.0006.brTo9PGfJ (done 00:00:08 ago)
          evaltask.fold.2.GI.0024.Zlb3keux9 (done 00:00:08 ago)
          evaltask.fold.1.GI.0006.eIyjbUYak (done 00:00:09 ago)
          evaltask.fold.1.GI.0008.PY8bfsjUH (done 00:00:10 ago)
          evaltask.fold.1.GI.0002.bZnWcNHP2 (done 00:00:11 ago)
          evaltask.fold.1.GI.0009.TXl4uNBWq (done 00:00:11 ago)
          evaltask.fold.1.univ.0023.0qtFIsKpG (done 00:00:11 ago)
          evaltask.fold.2.univ.0034.rS5BHSjG1 (done 00:00:11 ago)
SUMMARY 22.02.18 16:52: 599 tasks waiting, 40 tasks running, 729 tasks done.
          Oldest task running, started 00:03:26 ago: evaltask.fold.2.GI.0047.RrX3fu2Rs
          Newest task running started 00:00:00 ago: evaltask.fold.1.GI.0049.2eTyaUPeU
        Recently achieved tasks:
          evaltask.fold.1.GI.0003.mmt8IidnO (done 00:00:05 ago)
          evaltask.fold.2.GI.0043.hrdmL97h5 (done 00:00:06 ago)
          evaltask.fold.2.univ.0037.yqybggYZj (done 00:00:09 ago)
          evaltask.fold.1.GI.0015.J4Lv7F0ej (done 00:00:13 ago)
          evaltask.fold.1.GI.0017.BqG12adY1 (done 00:00:13 ago)
          evaltask.fold.2.univ.0046.tUZqEM9Ed (done 00:00:15 ago)
          evaltask.fold.1.GI.0015.599IU0EPc (done 00:00:17 ago)
          evaltask.fold.1.GI.0020.dU9VVPQoQ (done 00:00:17 ago)
          evaltask.fold.1.GI.0012.LLRS2aCdJ (done 00:00:18 ago)
          evaltask.fold.2.univ.0046.lR5uQE8mX (done 00:00:18 ago)
SUMMARY 22.02.18 16:53: 572 tasks waiting, 39 tasks running, 757 tasks done.
          Oldest task running, started 00:01:23 ago: evaltask.fold.1.GI.0025.VnzqkZ46m
          Newest task running started 00:00:00 ago: evaltask.fold.1.univ.0024.ezIgRamAT
        Recently achieved tasks:
          evaltask.fold.1.basic.0004.XQwQLKVNW (done 00:00:00 ago)
          evaltask.fold.1.GI.0043.i3WfGPTmv (done 00:00:01 ago)
          evaltask.fold.1.GI.0032.KQhn25CVh (done 00:00:01 ago)
          evaltask.fold.1.GI.0037.glEGXKYto (done 00:00:04 ago)
          evaltask.fold.1.GI.0037.1aDheWdfZ (done 00:00:04 ago)
          evaltask.fold.1.GI.0050.8JHUQAuat (done 00:00:05 ago)
          evaltask.fold.1.GI.0040.97HiilnEC (done 00:00:08 ago)
          evaltask.fold.1.GI.0038.BTJb7eF6t (done 00:00:09 ago)
          evaltask.fold.1.basic.0004.J5ruvagov (done 00:00:09 ago)
          evaltask.fold.1.GI.0048.xlEJyZ01G (done 00:00:10 ago)
SUMMARY 22.02.18 16:54: 540 tasks waiting, 39 tasks running, 791 tasks done.
          Oldest task running, started 00:01:43 ago: evaltask.fold.2.univ.0050.49oiECcjV
          Newest task running started 00:00:00 ago: evaltask.fold.1.univ.0050.ELwKzhIFV
        Recently achieved tasks:
          evaltask.fold.1.univ.0012.h3Kf2Hwe6 (done 00:00:00 ago)
          evaltask.fold.1.univ.0009.cqEGqgglC (done 00:00:01 ago)
          evaltask.fold.1.basic.0015.mJ9PQmFRR (done 00:00:11 ago)
          evaltask.fold.1.basic.0013.lq9JfzbiU (done 00:00:12 ago)
          evaltask.fold.1.basic.0015.Cx33BvN8r (done 00:00:14 ago)
          evaltask.fold.1.basic.0013.v39rdrLs8 (done 00:00:14 ago)
          evaltask.fold.1.basic.0019.I4P2ua4Km (done 00:00:14 ago)
          evaltask.fold.1.basic.0018.VACsuaN95 (done 00:00:14 ago)
          evaltask.fold.1.basic.0041.xmx1CboJK (done 00:00:15 ago)
          evaltask.fold.1.basic.0014.leKfwhtRI (done 00:00:15 ago)
SUMMARY 22.02.18 16:54: 493 tasks waiting, 40 tasks running, 839 tasks done.
          Oldest task running, started 00:01:02 ago: evaltask.fold.1.GI.0026.UgLZKhpPr
          Newest task running started 00:00:00 ago: evaltask.fold.1.GI.0030.mt89c0il2
        Recently achieved tasks:
          evaltask.fold.1.univ.0044.lg9YRGh0C (done 00:00:01 ago)
          evaltask.fold.1.univ.0046.P4ddweLBR (done 00:00:02 ago)
          evaltask.fold.1.univ.0044.dkrM6Aa6f (done 00:00:03 ago)
          evaltask.fold.1.univ.0033.GWbKDWVf4 (done 00:00:03 ago)
          evaltask.fold.1.univ.0033.hGXLnZRm9 (done 00:00:06 ago)
          evaltask.fold.1.univ.0043.cdOw0HVWw (done 00:00:07 ago)
          evaltask.fold.1.univ.0043.Y0AABIaBj (done 00:00:09 ago)
          evaltask.fold.1.basic.0042.rCNmRojL0 (done 00:00:10 ago)
          evaltask.fold.1.univ.0030.Cizi8Q27H (done 00:00:11 ago)
          evaltask.fold.1.basic.0034.mk8cyXJ8J (done 00:00:12 ago)
SUMMARY 22.02.18 16:55: 468 tasks waiting, 39 tasks running, 866 tasks done.
          Oldest task running, started 00:01:44 ago: evaltask.fold.1.GI.0026.UgLZKhpPr
          Newest task running started 00:00:01 ago: evaltask.fold.1.univ.0003.ZT3TF5q8E
        Recently achieved tasks:
          evaltask.fold.1.GI.0005.IEpMvQbSW (done 00:00:01 ago)
          evaltask.fold.1.GI.0030.56ezZ8LoF (done 00:00:03 ago)
          evaltask.fold.2.univ.0029.FD35mRW3T (done 00:00:03 ago)
          evaltask.fold.1.GI.0005.TaqQKtCwD (done 00:00:03 ago)
          evaltask.fold.2.univ.0029.QbKosP58P (done 00:00:08 ago)
          evaltask.fold.1.GI.0003.t6cuitJPr (done 00:00:09 ago)
          evaltask.fold.1.GI.0017.ua3alUqm7 (done 00:00:10 ago)
          evaltask.fold.1.GI.0003.S9STMTEGl (done 00:00:10 ago)
          evaltask.fold.1.GI.0028.xb5K20ZXT (done 00:00:10 ago)
          evaltask.fold.1.GI.0002.2qnZ46nQ3 (done 00:00:10 ago)
SUMMARY 22.02.18 16:56: 437 tasks waiting, 40 tasks running, 901 tasks done.
          Oldest task running, started 00:02:25 ago: evaltask.fold.1.GI.0026.UgLZKhpPr
          Newest task running started 00:00:00 ago: evaltask.fold.2.GI.0004.Z82hzKMxQ
        Recently achieved tasks:
          evaltask.fold.1.GI.0034.NXc4UEnx8 (done 00:00:01 ago)
          evaltask.fold.1.GI.0044.OkdzuLFf0 (done 00:00:01 ago)
          evaltask.fold.1.basic.0023.l3c13XsOR (done 00:00:02 ago)
          evaltask.fold.1.GI.0044.p9oDsBmSJ (done 00:00:02 ago)
          evaltask.fold.1.GI.0014.tpTx8GtCD (done 00:00:03 ago)
          evaltask.fold.1.GI.0029.5mBrukItT (done 00:00:08 ago)
          evaltask.fold.1.univ.0006.vgSMjRVc7 (done 00:00:08 ago)
          evaltask.fold.1.univ.0006.vrwgnj3qU (done 00:00:08 ago)
          evaltask.fold.1.GI.0029.4ynPMC9wl (done 00:00:09 ago)
          evaltask.fold.1.basic.0023.JXNTYUEap (done 00:00:10 ago)
SUMMARY 22.02.18 16:56: 415 tasks waiting, 40 tasks running, 923 tasks done.
          Oldest task running, started 00:03:06 ago: evaltask.fold.1.GI.0026.UgLZKhpPr
          Newest task running started 00:00:00 ago: evaltask.fold.2.GI.0012.WQEw6VpPF
        Recently achieved tasks:
          evaltask.fold.1.univ.0014.yWTtfkz6p (done 00:00:00 ago)
          evaltask.fold.2.GI.0001.95ymuEBQy (done 00:00:01 ago)
          evaltask.fold.2.GI.0001.CgCRBew2o (done 00:00:03 ago)
          evaltask.fold.1.GI.0027.hTwqIojxS (done 00:00:05 ago)
          evaltask.fold.2.GI.0003.EzHnzZpaE (done 00:00:05 ago)
          evaltask.fold.2.GI.0004.Z82hzKMxQ (done 00:00:05 ago)
          evaltask.fold.2.GI.0002.ArgSf0Ozt (done 00:00:05 ago)
          evaltask.fold.1.univ.0019.SmniGZsqS (done 00:00:06 ago)
          evaltask.fold.1.GI.0027.g13aKNZJ7 (done 00:00:08 ago)
          evaltask.fold.1.univ.0019.U3O2pKavG (done 00:00:09 ago)
SUMMARY 22.02.18 16:57: 393 tasks waiting, 40 tasks running, 947 tasks done.
          Oldest task running, started 00:03:28 ago: evaltask.fold.1.GI.0026.HRTbrJGSw
          Newest task running started 00:00:01 ago: evaltask.fold.2.GI.0036.JPwnCRllI
        Recently achieved tasks:
          evaltask.fold.1.GI.0026.UgLZKhpPr (done 00:00:01 ago)
          evaltask.fold.2.GI.0024.PGeGA0ltZ (done 00:00:02 ago)
          evaltask.fold.2.GI.0010.U2i6uhpey (done 00:00:02 ago)
          evaltask.fold.2.GI.0010.APo8YRvF2 (done 00:00:02 ago)
          evaltask.fold.1.univ.0031.LBKyN3XuG (done 00:00:03 ago)
          evaltask.fold.1.univ.0021.UrUn6an4j (done 00:00:04 ago)
          evaltask.fold.1.univ.0031.XtGfQCErY (done 00:00:05 ago)
          evaltask.fold.1.GI.0038.Jje6K4iSF (done 00:00:06 ago)
          evaltask.fold.1.GI.0038.vev9Lg0Rk (done 00:00:11 ago)
          evaltask.fold.1.univ.0021.y4ZXDqkO1 (done 00:00:15 ago)
SUMMARY 22.02.18 16:58: 365 tasks waiting, 40 tasks running, 979 tasks done.
          Oldest task running, started 00:03:27 ago: evaltask.fold.1.GI.0026.pA4RjUZ68
          Newest task running started 00:00:00 ago: evaltask.fold.2.univ.0007.FNH5D2nxj
        Recently achieved tasks:
          evaltask.fold.1.univ.0045.u5KAjXIfr (done 00:00:01 ago)
          evaltask.fold.1.univ.0049.TuqAXnIOR (done 00:00:10 ago)
          evaltask.fold.2.GI.0034.sHH5MBG40 (done 00:00:10 ago)
          evaltask.fold.1.univ.0048.FPjyUinnv (done 00:00:10 ago)
          evaltask.fold.1.univ.0049.nyIY1QVnC (done 00:00:10 ago)
          evaltask.fold.2.GI.0034.K2rpt6qbq (done 00:00:12 ago)
          evaltask.fold.1.univ.0039.xSRj1y9On (done 00:00:13 ago)
          evaltask.fold.1.univ.0047.is1AeDl1K (done 00:00:16 ago)
          evaltask.fold.1.univ.0039.2GKWj0Kgf (done 00:00:17 ago)
          evaltask.fold.2.GI.0026.WkyjL81ga (done 00:00:19 ago)
SUMMARY 22.02.18 16:59: 318 tasks waiting, 38 tasks running, 1030 tasks done.
          Oldest task running, started 00:01:24 ago: evaltask.fold.2.GI.0031.MpfdeEkJ0
          Newest task running started 00:00:00 ago: evaltask.fold.1.univ.0024.3Q0Z2mi5N
        Recently achieved tasks:
          evaltask.fold.2.GI.0048.G3EDRsKSO (done 00:00:00 ago)
          evaltask.fold.2.GI.0048.j9mVMWFA4 (done 00:00:00 ago)
          evaltask.fold.2.univ.0015.DokBaK8AA (done 00:00:02 ago)
          evaltask.fold.2.univ.0030.ePy518HuE (done 00:00:02 ago)
          evaltask.fold.2.GI.0050.v6arma3Md (done 00:00:03 ago)
          evaltask.fold.2.univ.0015.ctXWWefmG (done 00:00:04 ago)
          evaltask.fold.2.GI.0049.k2A48ExwD (done 00:00:04 ago)
          evaltask.fold.2.GI.0050.vYTEAk32Y (done 00:00:05 ago)
          evaltask.fold.2.GI.0040.jgrK8geyP (done 00:00:07 ago)
          evaltask.fold.2.univ.0007.FNH5D2nxj (done 00:00:08 ago)
SUMMARY 22.02.18 16:59: 286 tasks waiting, 40 tasks running, 1061 tasks done.
          Oldest task running, started 00:00:42 ago: evaltask.fold.1.basic.0038.MhJDrsZvL
          Newest task running started 00:00:00 ago: evaltask.fold.1.GI.0008.dwTePTPRM
        Recently achieved tasks:
          evaltask.fold.2.univ.0025.OaDKwEa98 (done 00:00:08 ago)
          evaltask.fold.2.univ.0025.ri7czFBlK (done 00:00:16 ago)
          evaltask.fold.2.univ.0035.wxPRh4M5x (done 00:00:18 ago)
          evaltask.fold.2.univ.0035.bgpKwtBxk (done 00:00:19 ago)
          evaltask.fold.2.univ.0030.sJ8XzPmZK (done 00:00:23 ago)
          evaltask.fold.2.univ.0044.gJFf2YiVd (done 00:00:29 ago)
          evaltask.fold.2.univ.0047.Agcu2MeU8 (done 00:00:29 ago)
          evaltask.fold.2.GI.0031.hjZhKhb1Z (done 00:00:30 ago)
          evaltask.fold.2.GI.0031.MpfdeEkJ0 (done 00:00:30 ago)
          evaltask.fold.2.univ.0044.l384OSa4N (done 00:00:30 ago)
SUMMARY 22.02.18 17:00: 270 tasks waiting, 40 tasks running, 1082 tasks done.
          Oldest task running, started 00:01:23 ago: evaltask.fold.1.GI.0017.oZ70FPBbS
          Newest task running started 00:00:20 ago: evaltask.fold.1.GI.0025.2DnM9mHun
        Recently achieved tasks:
          evaltask.fold.1.basic.0038.MhJDrsZvL (done 00:00:24 ago)
          evaltask.fold.1.basic.0021.vZeG7q8sm (done 00:00:25 ago)
          evaltask.fold.1.basic.0013.acNSTKdsa (done 00:00:25 ago)
          evaltask.fold.1.basic.0002.nSi9f1OfH (done 00:00:25 ago)
          evaltask.fold.1.basic.0004.xCwlGtGqa (done 00:00:25 ago)
          evaltask.fold.1.basic.0015.C7XZH0Rv3 (done 00:00:25 ago)
          evaltask.fold.1.basic.0049.jjaHiiIWJ (done 00:00:25 ago)
          evaltask.fold.1.basic.0024.ycxBjwx10 (done 00:00:25 ago)
          evaltask.fold.1.basic.0027.e1ML0nQbV (done 00:00:25 ago)
          evaltask.fold.1.basic.0050.pzyAPUpbU (done 00:00:25 ago)
SUMMARY 22.02.18 17:01: 269 tasks waiting, 40 tasks running, 1086 tasks done.
          Oldest task running, started 00:02:04 ago: evaltask.fold.1.GI.0017.oZ70FPBbS
          Newest task running started 00:00:00 ago: evaltask.fold.1.GI.0027.HlBcsCrCa
        Recently achieved tasks:
          evaltask.fold.1.univ.0024.3Q0Z2mi5N (done 00:00:08 ago)
          evaltask.fold.1.univ.0024.F0mjXZNj9 (done 00:00:32 ago)
          evaltask.fold.1.univ.0020.n4PmXNxf7 (done 00:00:32 ago)
          evaltask.fold.1.univ.0020.ouGeVRIPG (done 00:00:39 ago)
          evaltask.fold.1.basic.0038.MhJDrsZvL (done 00:01:05 ago)
          evaltask.fold.1.basic.0021.vZeG7q8sm (done 00:01:06 ago)
          evaltask.fold.1.basic.0013.acNSTKdsa (done 00:01:06 ago)
          evaltask.fold.1.basic.0002.nSi9f1OfH (done 00:01:06 ago)
          evaltask.fold.1.basic.0004.xCwlGtGqa (done 00:01:06 ago)
          evaltask.fold.1.basic.0015.C7XZH0Rv3 (done 00:01:06 ago)
SUMMARY 22.02.18 17:01: 270 tasks waiting, 40 tasks running, 1087 tasks done.
          Oldest task running, started 00:02:45 ago: evaltask.fold.1.GI.0017.8oqCJaSTq
          Newest task running started 00:00:21 ago: evaltask.fold.1.GI.0026.qhY9q36P6
        Recently achieved tasks:
          evaltask.fold.1.GI.0017.oZ70FPBbS (done 00:00:21 ago)
          evaltask.fold.1.univ.0024.3Q0Z2mi5N (done 00:00:49 ago)
          evaltask.fold.1.univ.0024.F0mjXZNj9 (done 00:01:13 ago)
          evaltask.fold.1.univ.0020.n4PmXNxf7 (done 00:01:13 ago)
          evaltask.fold.1.univ.0020.ouGeVRIPG (done 00:01:20 ago)
          evaltask.fold.1.basic.0038.MhJDrsZvL (done 00:01:46 ago)
          evaltask.fold.1.basic.0021.vZeG7q8sm (done 00:01:47 ago)
          evaltask.fold.1.basic.0013.acNSTKdsa (done 00:01:47 ago)
          evaltask.fold.1.basic.0002.nSi9f1OfH (done 00:01:47 ago)
          evaltask.fold.1.basic.0004.xCwlGtGqa (done 00:01:47 ago)
SUMMARY 22.02.18 17:02: 270 tasks waiting, 40 tasks running, 1088 tasks done.
          Oldest task running, started 00:03:04 ago: evaltask.fold.1.GI.0002.MP0kvIyP4
          Newest task running started 00:00:21 ago: evaltask.fold.1.GI.0028.EBgQZywtl
        Recently achieved tasks:
          evaltask.fold.1.GI.0017.8oqCJaSTq (done 00:00:34 ago)
          evaltask.fold.1.GI.0017.oZ70FPBbS (done 00:01:02 ago)
          evaltask.fold.1.univ.0024.3Q0Z2mi5N (done 00:01:30 ago)
          evaltask.fold.1.univ.0024.F0mjXZNj9 (done 00:01:54 ago)
          evaltask.fold.1.univ.0020.n4PmXNxf7 (done 00:01:54 ago)
          evaltask.fold.1.univ.0020.ouGeVRIPG (done 00:02:01 ago)
          evaltask.fold.1.basic.0038.MhJDrsZvL (done 00:02:27 ago)
          evaltask.fold.1.basic.0021.vZeG7q8sm (done 00:02:28 ago)
          evaltask.fold.1.basic.0013.acNSTKdsa (done 00:02:28 ago)
          evaltask.fold.1.basic.0002.nSi9f1OfH (done 00:02:28 ago)
SUMMARY 22.02.18 17:03: 269 tasks waiting, 40 tasks running, 1089 tasks done.
          Oldest task running, started 00:03:45 ago: evaltask.fold.1.GI.0002.MP0kvIyP4
          Newest task running started 00:00:21 ago: evaltask.fold.1.GI.0027.85T8fsTWx
        Recently achieved tasks:
          evaltask.fold.1.GI.0026.410HnCm5R (done 00:00:41 ago)
          evaltask.fold.1.GI.0017.8oqCJaSTq (done 00:01:15 ago)
          evaltask.fold.1.GI.0017.oZ70FPBbS (done 00:01:43 ago)
          evaltask.fold.1.univ.0024.3Q0Z2mi5N (done 00:02:11 ago)
          evaltask.fold.1.univ.0024.F0mjXZNj9 (done 00:02:35 ago)
          evaltask.fold.1.univ.0020.n4PmXNxf7 (done 00:02:35 ago)
          evaltask.fold.1.univ.0020.ouGeVRIPG (done 00:02:42 ago)
          evaltask.fold.1.basic.0038.MhJDrsZvL (done 00:03:08 ago)
          evaltask.fold.1.basic.0021.vZeG7q8sm (done 00:03:09 ago)
          evaltask.fold.1.basic.0013.acNSTKdsa (done 00:03:09 ago)
SUMMARY 22.02.18 17:03: 268 tasks waiting, 40 tasks running, 1090 tasks done.
          Oldest task running, started 00:04:26 ago: evaltask.fold.1.GI.0002.MP0kvIyP4
          Newest task running started 00:00:21 ago: evaltask.fold.1.GI.0030.XSGSLhCD4
        Recently achieved tasks:
          evaltask.fold.1.GI.0026.qhY9q36P6 (done 00:00:35 ago)
          evaltask.fold.1.GI.0026.410HnCm5R (done 00:01:22 ago)
          evaltask.fold.1.GI.0017.8oqCJaSTq (done 00:01:56 ago)
          evaltask.fold.1.GI.0017.oZ70FPBbS (done 00:02:24 ago)
          evaltask.fold.1.univ.0024.3Q0Z2mi5N (done 00:02:52 ago)
          evaltask.fold.1.univ.0024.F0mjXZNj9 (done 00:03:16 ago)
          evaltask.fold.1.univ.0020.n4PmXNxf7 (done 00:03:16 ago)
          evaltask.fold.1.univ.0020.ouGeVRIPG (done 00:03:24 ago)
          evaltask.fold.1.basic.0038.MhJDrsZvL (done 00:03:50 ago)
          evaltask.fold.1.basic.0021.vZeG7q8sm (done 00:03:51 ago)
SUMMARY 22.02.18 17:04: 266 tasks waiting, 40 tasks running, 1092 tasks done.
          Oldest task running, started 00:05:07 ago: evaltask.fold.1.GI.0002.MP0kvIyP4
          Newest task running started 00:00:00 ago: evaltask.fold.1.GI.0031.epwFMcpcX
        Recently achieved tasks:
          evaltask.fold.1.GI.0016.z95PDE6dd (done 00:00:05 ago)
          evaltask.fold.1.GI.0016.WF4eAPVCN (done 00:00:12 ago)
          evaltask.fold.1.GI.0026.qhY9q36P6 (done 00:01:16 ago)
          evaltask.fold.1.GI.0026.410HnCm5R (done 00:02:03 ago)
          evaltask.fold.1.GI.0017.8oqCJaSTq (done 00:02:37 ago)
          evaltask.fold.1.GI.0017.oZ70FPBbS (done 00:03:05 ago)
          evaltask.fold.1.univ.0024.3Q0Z2mi5N (done 00:03:34 ago)
          evaltask.fold.1.univ.0024.F0mjXZNj9 (done 00:03:58 ago)
          evaltask.fold.1.univ.0020.n4PmXNxf7 (done 00:03:58 ago)
          evaltask.fold.1.univ.0020.ouGeVRIPG (done 00:04:05 ago)
SUMMARY 22.02.18 17:05: 256 tasks waiting, 40 tasks running, 1102 tasks done.
          Oldest task running, started 00:05:48 ago: evaltask.fold.1.GI.0002.MP0kvIyP4
          Newest task running started 00:00:00 ago: evaltask.fold.1.GI.0041.CMhDdQxqY
        Recently achieved tasks:
          evaltask.fold.1.GI.0005.gnlkV3uto (done 00:00:02 ago)
          evaltask.fold.1.GI.0004.ckItFZaz7 (done 00:00:02 ago)
          evaltask.fold.1.GI.0014.ES3PrLpQm (done 00:00:03 ago)
          evaltask.fold.1.GI.0005.Q8f5nTtOi (done 00:00:03 ago)
          evaltask.fold.1.GI.0009.FlVkivfr2 (done 00:00:03 ago)
          evaltask.fold.1.GI.0004.2AZ2TqqiC (done 00:00:03 ago)
          evaltask.fold.1.GI.0006.LjVuiVYiL (done 00:00:05 ago)
          evaltask.fold.1.GI.0014.cB7pjxoFT (done 00:00:10 ago)
          evaltask.fold.1.GI.0013.HNEigA7xd (done 00:00:27 ago)
          evaltask.fold.1.GI.0013.jqEqvtcKd (done 00:00:31 ago)
SUMMARY 22.02.18 17:05: 248 tasks waiting, 40 tasks running, 1111 tasks done.
          Oldest task running, started 00:06:29 ago: evaltask.fold.1.GI.0002.MP0kvIyP4
          Newest task running started 00:00:00 ago: evaltask.fold.1.univ.0003.PfQVT8bHH
        Recently achieved tasks:
          evaltask.fold.1.GI.0009.ZVnPZjNRA (done 00:00:09 ago)
          evaltask.fold.1.GI.0012.R1VcAoxdL (done 00:00:10 ago)
          evaltask.fold.1.GI.0007.rNFbrXQwh (done 00:00:11 ago)
          evaltask.fold.1.GI.0023.nEsledeqB (done 00:00:21 ago)
          evaltask.fold.1.GI.0023.EEHghYBLi (done 00:00:25 ago)
          evaltask.fold.1.GI.0008.dwTePTPRM (done 00:00:28 ago)
          evaltask.fold.1.GI.0012.5CcDWTSFa (done 00:00:30 ago)
          evaltask.fold.1.GI.0006.gkE6pWvLF (done 00:00:33 ago)
          evaltask.fold.1.GI.0008.JqfI591S3 (done 00:00:37 ago)
          evaltask.fold.1.GI.0005.gnlkV3uto (done 00:00:43 ago)
SUMMARY 22.02.18 17:06: 237 tasks waiting, 39 tasks running, 1124 tasks done.
          Oldest task running, started 00:06:30 ago: evaltask.fold.1.GI.0011.KpCI4yWyq
          Newest task running started 00:00:00 ago: evaltask.fold.1.univ.0018.XIO95dccL
        Recently achieved tasks:
          evaltask.fold.1.GI.0011.1qI3pqmWS (done 00:00:00 ago)
          evaltask.fold.1.GI.0030.XSGSLhCD4 (done 00:00:02 ago)
          evaltask.fold.1.GI.0002.MP0kvIyP4 (done 00:00:05 ago)
          evaltask.fold.1.GI.0018.MuR09N93O (done 00:00:09 ago)
          evaltask.fold.1.GI.0017.OaQqEsgoz (done 00:00:11 ago)
          evaltask.fold.1.univ.0003.PZkJYiSr0 (done 00:00:13 ago)
          evaltask.fold.1.GI.0025.2DnM9mHun (done 00:00:23 ago)
          evaltask.fold.1.GI.0007.mB8Ga0oLR (done 00:00:24 ago)
          evaltask.fold.1.GI.0002.F3c2lm9ti (done 00:00:24 ago)
          evaltask.fold.1.GI.0018.ZlpV5H2DU (done 00:00:27 ago)
SUMMARY 22.02.18 17:07: 224 tasks waiting, 39 tasks running, 1137 tasks done.
          Oldest task running, started 00:07:09 ago: evaltask.fold.1.GI.0024.ESyjAlA0W
          Newest task running started 00:00:01 ago: evaltask.fold.1.basic.0009.mgrYRFIIp
        Recently achieved tasks:
          evaltask.fold.1.univ.0020.XQwi3EHUD (done 00:00:01 ago)
          evaltask.fold.1.univ.0020.4S0Eeebs5 (done 00:00:02 ago)
          evaltask.fold.1.univ.0010.GHmXAOmuB (done 00:00:03 ago)
          evaltask.fold.1.univ.0006.tNcZLXHdp (done 00:00:12 ago)
          evaltask.fold.1.univ.0006.OUrr0LiLb (done 00:00:15 ago)
          evaltask.fold.1.GI.0025.bkh6JjpLM (done 00:00:17 ago)
          evaltask.fold.1.univ.0012.nVIU9sxIl (done 00:00:20 ago)
          evaltask.fold.1.GI.0011.KpCI4yWyq (done 00:00:28 ago)
          evaltask.fold.1.univ.0003.PfQVT8bHH (done 00:00:32 ago)
          evaltask.fold.1.GI.0015.wp6NeqAdZ (done 00:00:34 ago)
SUMMARY 22.02.18 17:07: 195 tasks waiting, 39 tasks running, 1166 tasks done.
          Oldest task running, started 00:07:51 ago: evaltask.fold.1.GI.0024.ESyjAlA0W
          Newest task running started 00:00:00 ago: evaltask.fold.1.basic.0043.hANGg8Nvm
        Recently achieved tasks:
          evaltask.fold.1.univ.0025.uhlZHvFWP (done 00:00:00 ago)
          evaltask.fold.1.univ.0018.vupreWtUS (done 00:00:04 ago)
          evaltask.fold.1.univ.0019.2uTT9ptDF (done 00:00:07 ago)
          evaltask.fold.1.GI.0030.1kMeTmyQ3 (done 00:00:09 ago)
          evaltask.fold.1.univ.0023.ihcLChsrQ (done 00:00:11 ago)
          evaltask.fold.1.basic.0032.NITRCCAmf (done 00:00:11 ago)
          evaltask.fold.1.basic.0029.zahdIxTJz (done 00:00:11 ago)
          evaltask.fold.1.univ.0004.RXyQSvMX3 (done 00:00:12 ago)
          evaltask.fold.1.GI.0028.EBgQZywtl (done 00:00:13 ago)
          evaltask.fold.1.basic.0032.MuD8ZUEuL (done 00:00:13 ago)
SUMMARY 22.02.18 17:08: 171 tasks waiting, 40 tasks running, 1191 tasks done.
          Oldest task running, started 00:07:51 ago: evaltask.fold.1.GI.0024.4GiXvzcLQ
          Newest task running started 00:00:00 ago: evaltask.fold.1.GI.0001.3VZ0R6Ip4
        Recently achieved tasks:
          evaltask.fold.1.univ.0035.8rIrDQ0aA (done 00:00:01 ago)
          evaltask.fold.1.univ.0029.OVmjaKJdm (done 00:00:06 ago)
          evaltask.fold.1.univ.0035.q3MYjjYaO (done 00:00:07 ago)
          evaltask.fold.1.univ.0033.rpPrScWeV (done 00:00:08 ago)
          evaltask.fold.1.basic.0039.I2WQF9B3E (done 00:00:10 ago)
          evaltask.fold.1.univ.0033.Dzv7uRnwC (done 00:00:10 ago)
          evaltask.fold.1.basic.0044.bM1RqGlnV (done 00:00:13 ago)
          evaltask.fold.1.basic.0043.gRNUOJAxn (done 00:00:13 ago)
          evaltask.fold.1.basic.0046.w3ZISwjM1 (done 00:00:14 ago)
          evaltask.fold.1.basic.0044.M7HKbHWCf (done 00:00:14 ago)
SUMMARY 22.02.18 17:09: 156 tasks waiting, 40 tasks running, 1207 tasks done.
          Oldest task running, started 00:04:47 ago: evaltask.fold.1.GI.0028.3yOoTJzhu
          Newest task running started 00:00:00 ago: evaltask.fold.1.GI.0017.YF1O82KZd
        Recently achieved tasks:
          evaltask.fold.1.univ.0012.xDshi3tDV (done 00:00:05 ago)
          evaltask.fold.1.basic.0048.Wnt0gv17H (done 00:00:14 ago)
          evaltask.fold.1.univ.0037.SBNr6ldg7 (done 00:00:19 ago)
          evaltask.fold.1.univ.0044.gxmB9EoP7 (done 00:00:24 ago)
          evaltask.fold.1.univ.0032.mMOLoAMyt (done 00:00:24 ago)
          evaltask.fold.1.univ.0044.cOCGCaQzv (done 00:00:24 ago)
          evaltask.fold.1.GI.0024.4GiXvzcLQ (done 00:00:27 ago)
          evaltask.fold.1.univ.0032.Z9SziAAAj (done 00:00:28 ago)
          evaltask.fold.1.univ.0026.yrdxuefoi (done 00:00:28 ago)
          evaltask.fold.1.GI.0027.85T8fsTWx (done 00:00:28 ago)
SUMMARY 22.02.18 17:09: 138 tasks waiting, 40 tasks running, 1228 tasks done.
          Oldest task running, started 00:04:47 ago: evaltask.fold.1.GI.0031.L3n6g95tf
          Newest task running started 00:00:00 ago: evaltask.fold.1.GI.0039.b2yjopHhm
        Recently achieved tasks:
          evaltask.fold.1.GI.0001.uW2wjUYfn (done 00:00:01 ago)
          evaltask.fold.1.GI.0002.CibZWPx91 (done 00:00:01 ago)
          evaltask.fold.1.univ.0043.ad9SJJZit (done 00:00:02 ago)
          evaltask.fold.1.GI.0002.YJ7xnjA0n (done 00:00:05 ago)
          evaltask.fold.1.univ.0048.nSQ3bPzV5 (done 00:00:06 ago)
          evaltask.fold.1.GI.0028.3yOoTJzhu (done 00:00:08 ago)
          evaltask.fold.1.GI.0006.E6Kxm36H5 (done 00:00:10 ago)
          evaltask.fold.1.univ.0048.SBxXQVmPE (done 00:00:12 ago)
          evaltask.fold.1.GI.0001.3VZ0R6Ip4 (done 00:00:13 ago)
          evaltask.fold.1.GI.0006.QHDUmCG3n (done 00:00:14 ago)
SUMMARY 22.02.18 17:10: 120 tasks waiting, 40 tasks running, 1246 tasks done.
          Oldest task running, started 00:05:28 ago: evaltask.fold.1.GI.0038.mYynO4FBE
          Newest task running started 00:00:00 ago: evaltask.fold.1.univ.0009.sFAq7SZP0
        Recently achieved tasks:
          evaltask.fold.1.GI.0025.PZeDXk9o5 (done 00:00:01 ago)
          evaltask.fold.1.GI.0032.MltzOyyyt (done 00:00:01 ago)
          evaltask.fold.1.GI.0025.bh3T5f63H (done 00:00:02 ago)
          evaltask.fold.1.GI.0029.7EtW7LGoo (done 00:00:03 ago)
          evaltask.fold.1.GI.0024.X2ImiJFxV (done 00:00:04 ago)
          evaltask.fold.1.GI.0035.RUFZuJmIR (done 00:00:06 ago)
          evaltask.fold.1.GI.0031.L3n6g95tf (done 00:00:09 ago)
          evaltask.fold.1.GI.0018.WuMBexET4 (done 00:00:11 ago)
          evaltask.fold.1.GI.0016.SFHhjB53X (done 00:00:14 ago)
          evaltask.fold.1.GI.0017.YF1O82KZd (done 00:00:17 ago)
SUMMARY 22.02.18 17:11: 91 tasks waiting, 40 tasks running, 1276 tasks done.
          Oldest task running, started 00:05:29 ago: evaltask.fold.1.GI.0043.szqd4dVgG
          Newest task running started 00:00:00 ago: evaltask.fold.1.univ.0039.MCP5AsuL2
        Recently achieved tasks:
          evaltask.fold.1.GI.0039.rzdqzZ0zj (done 00:00:00 ago)
          evaltask.fold.1.univ.0005.pvNMlSnNU (done 00:00:02 ago)
          evaltask.fold.1.GI.0048.9HPreUivV (done 00:00:02 ago)
          evaltask.fold.1.univ.0001.j2DMSMjT3 (done 00:00:03 ago)
          evaltask.fold.1.GI.0048.pNjBoJcSi (done 00:00:04 ago)
          evaltask.fold.1.univ.0008.YYsDxTtcA (done 00:00:05 ago)
          evaltask.fold.1.univ.0018.sGkuY8xCN (done 00:00:06 ago)
          evaltask.fold.1.univ.0005.on2hOowt1 (done 00:00:07 ago)
          evaltask.fold.1.univ.0001.URuXOPr73 (done 00:00:08 ago)
          evaltask.fold.1.GI.0038.DZCF2j0fB (done 00:00:09 ago)
SUMMARY 22.02.18 17:12: 68 tasks waiting, 40 tasks running, 1300 tasks done.
          Oldest task running, started 00:01:43 ago: evaltask.fold.1.GI.0050.xzybrm4ty
          Newest task running started 00:00:00 ago: evaltask.fold.2.strategy-as-meta.basic.0022.MTPxmSqfS
        Recently achieved tasks:
          evaltask.fold.1.univ.0021.ZpAwpi61j (done 00:00:02 ago)
          evaltask.fold.1.univ.0041.KnFrKtB3G (done 00:00:07 ago)
          evaltask.fold.1.univ.0030.l0ZP6tQXd (done 00:00:09 ago)
          evaltask.fold.1.univ.0024.GX0bpc1Ri (done 00:00:10 ago)
          evaltask.fold.1.univ.0006.jhwJ1PWuP (done 00:00:12 ago)
          evaltask.fold.1.univ.0030.9I4bYt6MR (done 00:00:12 ago)
          evaltask.fold.1.univ.0024.8dnUEKhTC (done 00:00:12 ago)
          evaltask.fold.1.univ.0003.lbk5lWo8F (done 00:00:13 ago)
          evaltask.fold.1.univ.0009.dVC3sJJ4A (done 00:00:13 ago)
          evaltask.fold.1.univ.0035.3gnx6MdLu (done 00:00:14 ago)
SUMMARY 22.02.18 17:12: 4 tasks waiting, 30 tasks running, 1374 tasks done.
          Oldest task running, started 00:02:25 ago: evaltask.fold.1.GI.0050.xzybrm4ty
          Newest task running started 00:00:00 ago: evaltask.fold.1.strategy-as-meta.univ.0012.j0vZBd1AE
        Recently achieved tasks:
          evaltask.fold.1.0095.jqHcpZUME (done 00:00:00 ago)
          evaltask.fold.1.0095.y1qR51qQS (done 00:00:00 ago)
          evaltask.fold.1.strategy-as-meta.basic.0023.SpW3lbny5 (done 00:00:00 ago)
          evaltask.fold.1.strategy-as-meta.basic.0023.6lwLKaOJ1 (done 00:00:00 ago)
          evaltask.fold.2.0083.QK5YvPB2M (done 00:00:00 ago)
          evaltask.fold.2.0083.1GWt80YEm (done 00:00:00 ago)
          evaltask.fold.2.strategy-as-meta.univ.0029.wBfCvBJcr (done 00:00:00 ago)
          evaltask.fold.2.strategy-as-meta.univ.0029.w07n923kT (done 00:00:00 ago)
          evaltask.fold.1.strategy-as-meta.basic.0041.hv0kxi0uu (done 00:00:00 ago)
          evaltask.fold.1.strategy-as-meta.basic.0041.zlU6ZphJd (done 00:00:00 ago)
SUMMARY 22.02.18 17:13: 0 tasks waiting, 2 tasks running, 1406 tasks done.
          Oldest task running, started 00:03:06 ago: evaltask.fold.1.GI.0050.xzybrm4ty
          Newest task running started 00:02:46 ago: evaltask.fold.1.GI.0050.FpFaBt2BM
        Recently achieved tasks:
          evaltask.fold.1.0072.m2mhKVFSo (done 00:00:20 ago)
          evaltask.fold.1.0072.uxXcsqLVH (done 00:00:20 ago)
          evaltask.fold.1.strategy-as-meta.GI.0030.3fq6PB9U7 (done 00:00:20 ago)
          evaltask.fold.1.strategy-as-meta.GI.0030.6mlbUQRQ7 (done 00:00:20 ago)
          evaltask.fold.1.univ.0043.BuZkcgfpW (done 00:00:35 ago)
          evaltask.fold.1.strategy-as-meta.univ.0012.mAbtBGyva (done 00:00:40 ago)
          evaltask.fold.1.strategy-as-meta.univ.0012.j0vZBd1AE (done 00:00:40 ago)
          evaltask.fold.1.univ.0043.f4gtFKov0 (done 00:00:40 ago)
          evaltask.fold.1.strategy-as-meta.basic.0032.7v3uMs3AE (done 00:00:40 ago)
          evaltask.fold.1.strategy-as-meta.basic.0032.DPuoyvZDm (done 00:00:40 ago)
SUMMARY 22.02.18 17:14: 0 tasks waiting, 1 tasks running, 1408 tasks done.
          Oldest task running, started 00:00:00 ago: evaltask.fold.1.0069.lzXFBH9iv
          Newest task running started 00:00:00 ago: evaltask.fold.1.0069.lzXFBH9iv
        Recently achieved tasks:
          evaltask.fold.1.GI.0050.FpFaBt2BM (done 00:00:01 ago)
          evaltask.fold.1.GI.0050.xzybrm4ty (done 00:00:23 ago)
          evaltask.fold.1.0072.m2mhKVFSo (done 00:01:10 ago)
          evaltask.fold.1.0072.uxXcsqLVH (done 00:01:10 ago)
          evaltask.fold.1.strategy-as-meta.GI.0030.3fq6PB9U7 (done 00:01:10 ago)
          evaltask.fold.1.strategy-as-meta.GI.0030.6mlbUQRQ7 (done 00:01:10 ago)
          evaltask.fold.1.univ.0043.BuZkcgfpW (done 00:01:25 ago)
          evaltask.fold.1.strategy-as-meta.univ.0012.mAbtBGyva (done 00:01:30 ago)
          evaltask.fold.1.strategy-as-meta.univ.0012.j0vZBd1AE (done 00:01:30 ago)
          evaltask.fold.1.univ.0043.f4gtFKov0 (done 00:01:30 ago)
SUMMARY 22.02.18 17:14: 0 tasks waiting, 0 tasks running, 1410 tasks done.
        no task running currently.
        Recently achieved tasks:
          evaltask.fold.1.0069.gEuwAN3DF (done 00:00:19 ago)
          evaltask.fold.1.0069.lzXFBH9iv (done 00:00:40 ago)
          evaltask.fold.1.GI.0050.FpFaBt2BM (done 00:00:41 ago)
          evaltask.fold.1.GI.0050.xzybrm4ty (done 00:01:03 ago)
          evaltask.fold.1.0072.m2mhKVFSo (done 00:01:50 ago)
          evaltask.fold.1.0072.uxXcsqLVH (done 00:01:50 ago)
          evaltask.fold.1.strategy-as-meta.GI.0030.3fq6PB9U7 (done 00:01:50 ago)
          evaltask.fold.1.strategy-as-meta.GI.0030.6mlbUQRQ7 (done 00:01:50 ago)
          evaltask.fold.1.univ.0043.BuZkcgfpW (done 00:02:05 ago)
          evaltask.fold.1.strategy-as-meta.univ.0012.mAbtBGyva (done 00:02:10 ago)
SUMMARY 22.02.18 17:15: 0 tasks waiting, 0 tasks running, 1410 tasks done.
        no task running currently.
        Recently achieved tasks:
          evaltask.fold.1.0069.gEuwAN3DF (done 00:00:59 ago)
          evaltask.fold.1.0069.lzXFBH9iv (done 00:01:20 ago)
          evaltask.fold.1.GI.0050.FpFaBt2BM (done 00:01:21 ago)
          evaltask.fold.1.GI.0050.xzybrm4ty (done 00:01:43 ago)
          evaltask.fold.1.0072.m2mhKVFSo (done 00:02:30 ago)
          evaltask.fold.1.0072.uxXcsqLVH (done 00:02:30 ago)
          evaltask.fold.1.strategy-as-meta.GI.0030.3fq6PB9U7 (done 00:02:30 ago)
          evaltask.fold.1.strategy-as-meta.GI.0030.6mlbUQRQ7 (done 00:02:30 ago)
          evaltask.fold.1.univ.0043.BuZkcgfpW (done 00:02:45 ago)
          evaltask.fold.1.strategy-as-meta.univ.0012.mAbtBGyva (done 00:02:50 ago)
SUMMARY 22.02.18 17:16: 0 tasks waiting, 0 tasks running, 1410 tasks done.
        no task running currently.
        Recently achieved tasks:
          evaltask.fold.1.0069.gEuwAN3DF (done 00:01:39 ago)
          evaltask.fold.1.0069.lzXFBH9iv (done 00:02:01 ago)
          evaltask.fold.1.GI.0050.FpFaBt2BM (done 00:02:02 ago)
          evaltask.fold.1.GI.0050.xzybrm4ty (done 00:02:24 ago)
          evaltask.fold.1.0072.m2mhKVFSo (done 00:03:11 ago)
          evaltask.fold.1.0072.uxXcsqLVH (done 00:03:11 ago)
          evaltask.fold.1.strategy-as-meta.GI.0030.3fq6PB9U7 (done 00:03:11 ago)
          evaltask.fold.1.strategy-as-meta.GI.0030.6mlbUQRQ7 (done 00:03:11 ago)
          evaltask.fold.1.univ.0043.BuZkcgfpW (done 00:03:26 ago)
          evaltask.fold.1.strategy-as-meta.univ.0012.mAbtBGyva (done 00:03:31 ago)
SUMMARY 22.02.18 17:16: 0 tasks waiting, 0 tasks running, 1410 tasks done.
        no task running currently.
        Recently achieved tasks:
          evaltask.fold.1.0069.gEuwAN3DF (done 00:02:20 ago)
          evaltask.fold.1.0069.lzXFBH9iv (done 00:02:41 ago)
          evaltask.fold.1.GI.0050.FpFaBt2BM (done 00:02:42 ago)
          evaltask.fold.1.GI.0050.xzybrm4ty (done 00:03:04 ago)
          evaltask.fold.1.0072.m2mhKVFSo (done 00:03:51 ago)
          evaltask.fold.1.0072.uxXcsqLVH (done 00:03:51 ago)
          evaltask.fold.1.strategy-as-meta.GI.0030.3fq6PB9U7 (done 00:03:51 ago)
          evaltask.fold.1.strategy-as-meta.GI.0030.6mlbUQRQ7 (done 00:03:51 ago)
          evaltask.fold.1.univ.0043.BuZkcgfpW (done 00:04:06 ago)
          evaltask.fold.1.strategy-as-meta.univ.0012.mAbtBGyva (done 00:04:11 ago)
SUMMARY 22.02.18 17:17: 0 tasks waiting, 0 tasks running, 1410 tasks done.
        no task running currently.
        Recently achieved tasks:
          evaltask.fold.1.0069.gEuwAN3DF (done 00:03:00 ago)
          evaltask.fold.1.0069.lzXFBH9iv (done 00:03:21 ago)
          evaltask.fold.1.GI.0050.FpFaBt2BM (done 00:03:22 ago)
          evaltask.fold.1.GI.0050.xzybrm4ty (done 00:03:44 ago)
          evaltask.fold.1.0072.m2mhKVFSo (done 00:04:31 ago)
          evaltask.fold.1.0072.uxXcsqLVH (done 00:04:31 ago)
          evaltask.fold.1.strategy-as-meta.GI.0030.3fq6PB9U7 (done 00:04:31 ago)
          evaltask.fold.1.strategy-as-meta.GI.0030.6mlbUQRQ7 (done 00:04:31 ago)
          evaltask.fold.1.univ.0043.BuZkcgfpW (done 00:04:46 ago)
          evaltask.fold.1.strategy-as-meta.univ.0012.mAbtBGyva (done 00:04:51 ago)
SUMMARY 22.02.18 17:18: 0 tasks waiting, 0 tasks running, 1410 tasks done.
        no task running currently.
        Recently achieved tasks:
          evaltask.fold.1.0069.gEuwAN3DF (done 00:03:40 ago)
          evaltask.fold.1.0069.lzXFBH9iv (done 00:04:01 ago)
          evaltask.fold.1.GI.0050.FpFaBt2BM (done 00:04:02 ago)
          evaltask.fold.1.GI.0050.xzybrm4ty (done 00:04:24 ago)
          evaltask.fold.1.0072.m2mhKVFSo (done 00:05:11 ago)
          evaltask.fold.1.0072.uxXcsqLVH (done 00:05:11 ago)
          evaltask.fold.1.strategy-as-meta.GI.0030.3fq6PB9U7 (done 00:05:11 ago)
          evaltask.fold.1.strategy-as-meta.GI.0030.6mlbUQRQ7 (done 00:05:11 ago)
          evaltask.fold.1.univ.0043.BuZkcgfpW (done 00:05:26 ago)
          evaltask.fold.1.strategy-as-meta.univ.0012.mAbtBGyva (done 00:05:31 ago)
SUMMARY 22.02.18 17:18: 0 tasks waiting, 0 tasks running, 1410 tasks done.
        no task running currently.
        Recently achieved tasks:
          evaltask.fold.1.0069.gEuwAN3DF (done 00:04:20 ago)
          evaltask.fold.1.0069.lzXFBH9iv (done 00:04:41 ago)
          evaltask.fold.1.GI.0050.FpFaBt2BM (done 00:04:42 ago)
          evaltask.fold.1.GI.0050.xzybrm4ty (done 00:05:04 ago)
          evaltask.fold.1.0072.m2mhKVFSo (done 00:05:51 ago)
          evaltask.fold.1.0072.uxXcsqLVH (done 00:05:51 ago)
          evaltask.fold.1.strategy-as-meta.GI.0030.3fq6PB9U7 (done 00:05:51 ago)
          evaltask.fold.1.strategy-as-meta.GI.0030.6mlbUQRQ7 (done 00:05:51 ago)
          evaltask.fold.1.univ.0043.BuZkcgfpW (done 00:06:06 ago)
          evaltask.fold.1.strategy-as-meta.univ.0012.mAbtBGyva (done 00:06:11 ago)
SUMMARY 22.02.18 17:19: 0 tasks waiting, 0 tasks running, 1410 tasks done.
        no task running currently.
        Recently achieved tasks:
          evaltask.fold.1.0069.gEuwAN3DF (done 00:05:00 ago)
          evaltask.fold.1.0069.lzXFBH9iv (done 00:05:21 ago)
          evaltask.fold.1.GI.0050.FpFaBt2BM (done 00:05:22 ago)
          evaltask.fold.1.GI.0050.xzybrm4ty (done 00:05:44 ago)
          evaltask.fold.1.0072.m2mhKVFSo (done 00:06:31 ago)
          evaltask.fold.1.0072.uxXcsqLVH (done 00:06:31 ago)
          evaltask.fold.1.strategy-as-meta.GI.0030.3fq6PB9U7 (done 00:06:31 ago)
          evaltask.fold.1.strategy-as-meta.GI.0030.6mlbUQRQ7 (done 00:06:31 ago)
          evaltask.fold.1.univ.0043.BuZkcgfpW (done 00:06:46 ago)
          evaltask.fold.1.strategy-as-meta.univ.0012.mAbtBGyva (done 00:06:52 ago)
SUMMARY 22.02.18 17:20: 0 tasks waiting, 0 tasks running, 1410 tasks done.
        no task running currently.
        Recently achieved tasks:
          evaltask.fold.1.0069.gEuwAN3DF (done 00:05:41 ago)
          evaltask.fold.1.0069.lzXFBH9iv (done 00:06:02 ago)
          evaltask.fold.1.GI.0050.FpFaBt2BM (done 00:06:03 ago)
          evaltask.fold.1.GI.0050.xzybrm4ty (done 00:06:25 ago)
          evaltask.fold.1.0072.m2mhKVFSo (done 00:07:12 ago)
          evaltask.fold.1.0072.uxXcsqLVH (done 00:07:12 ago)
          evaltask.fold.1.strategy-as-meta.GI.0030.3fq6PB9U7 (done 00:07:12 ago)
          evaltask.fold.1.strategy-as-meta.GI.0030.6mlbUQRQ7 (done 00:07:12 ago)
          evaltask.fold.1.univ.0043.BuZkcgfpW (done 00:07:27 ago)
          evaltask.fold.1.strategy-as-meta.univ.0012.mAbtBGyva (done 00:07:32 ago)
SUMMARY 22.02.18 17:20: 0 tasks waiting, 0 tasks running, 1410 tasks done.
        no task running currently.
        Recently achieved tasks:
          evaltask.fold.1.0069.gEuwAN3DF (done 00:06:21 ago)
          evaltask.fold.1.0069.lzXFBH9iv (done 00:06:42 ago)
          evaltask.fold.1.GI.0050.FpFaBt2BM (done 00:06:43 ago)
          evaltask.fold.1.GI.0050.xzybrm4ty (done 00:07:05 ago)
          evaltask.fold.1.0072.m2mhKVFSo (done 00:07:52 ago)
          evaltask.fold.1.0072.uxXcsqLVH (done 00:07:52 ago)
          evaltask.fold.1.strategy-as-meta.GI.0030.3fq6PB9U7 (done 00:07:52 ago)
          evaltask.fold.1.strategy-as-meta.GI.0030.6mlbUQRQ7 (done 00:07:52 ago)
          evaltask.fold.1.univ.0043.BuZkcgfpW (done 00:08:07 ago)
          evaltask.fold.1.strategy-as-meta.univ.0012.mAbtBGyva (done 00:08:12 ago)
SUMMARY 22.02.18 17:21: 0 tasks waiting, 0 tasks running, 1410 tasks done.
        no task running currently.
        Recently achieved tasks:
          evaltask.fold.1.0069.gEuwAN3DF (done 00:07:01 ago)
          evaltask.fold.1.0069.lzXFBH9iv (done 00:07:22 ago)
          evaltask.fold.1.GI.0050.FpFaBt2BM (done 00:07:23 ago)
          evaltask.fold.1.GI.0050.xzybrm4ty (done 00:07:45 ago)
          evaltask.fold.1.0072.m2mhKVFSo (done 00:08:32 ago)
          evaltask.fold.1.0072.uxXcsqLVH (done 00:08:32 ago)
          evaltask.fold.1.strategy-as-meta.GI.0030.3fq6PB9U7 (done 00:08:32 ago)
          evaltask.fold.1.strategy-as-meta.GI.0030.6mlbUQRQ7 (done 00:08:32 ago)
          evaltask.fold.1.univ.0043.BuZkcgfpW (done 00:08:47 ago)
          evaltask.fold.1.strategy-as-meta.univ.0012.mAbtBGyva (done 00:08:52 ago)
SUMMARY 22.02.18 17:22: 0 tasks waiting, 0 tasks running, 1410 tasks done.
        no task running currently.
        Recently achieved tasks:
          evaltask.fold.1.0069.gEuwAN3DF (done 00:07:41 ago)
          evaltask.fold.1.0069.lzXFBH9iv (done 00:08:02 ago)
          evaltask.fold.1.GI.0050.FpFaBt2BM (done 00:08:03 ago)
          evaltask.fold.1.GI.0050.xzybrm4ty (done 00:08:25 ago)
          evaltask.fold.1.0072.m2mhKVFSo (done 00:09:12 ago)
          evaltask.fold.1.0072.uxXcsqLVH (done 00:09:12 ago)
          evaltask.fold.1.strategy-as-meta.GI.0030.3fq6PB9U7 (done 00:09:12 ago)
          evaltask.fold.1.strategy-as-meta.GI.0030.6mlbUQRQ7 (done 00:09:12 ago)
          evaltask.fold.1.univ.0043.BuZkcgfpW (done 00:09:27 ago)
          evaltask.fold.1.strategy-as-meta.univ.0012.mAbtBGyva (done 00:09:32 ago)
SUMMARY 22.02.18 17:22: 0 tasks waiting, 0 tasks running, 1410 tasks done.
        no task running currently.
        Recently achieved tasks:
          evaltask.fold.1.0069.gEuwAN3DF (done 00:08:21 ago)
          evaltask.fold.1.0069.lzXFBH9iv (done 00:08:42 ago)
          evaltask.fold.1.GI.0050.FpFaBt2BM (done 00:08:43 ago)
          evaltask.fold.1.GI.0050.xzybrm4ty (done 00:09:05 ago)
          evaltask.fold.1.0072.m2mhKVFSo (done 00:09:52 ago)
          evaltask.fold.1.0072.uxXcsqLVH (done 00:09:52 ago)
          evaltask.fold.1.strategy-as-meta.GI.0030.3fq6PB9U7 (done 00:09:52 ago)
          evaltask.fold.1.strategy-as-meta.GI.0030.6mlbUQRQ7 (done 00:09:52 ago)
          evaltask.fold.1.univ.0043.BuZkcgfpW (done 00:10:07 ago)
          evaltask.fold.1.strategy-as-meta.univ.0012.mAbtBGyva (done 00:10:12 ago)
SUMMARY 22.02.18 17:23: 0 tasks waiting, 0 tasks running, 1410 tasks done.
        no task running currently.
        Recently achieved tasks:
          evaltask.fold.1.0069.gEuwAN3DF (done 00:09:02 ago)
          evaltask.fold.1.0069.lzXFBH9iv (done 00:09:23 ago)
          evaltask.fold.1.GI.0050.FpFaBt2BM (done 00:09:24 ago)
          evaltask.fold.1.GI.0050.xzybrm4ty (done 00:09:46 ago)
          evaltask.fold.1.0072.m2mhKVFSo (done 00:10:33 ago)
          evaltask.fold.1.0072.uxXcsqLVH (done 00:10:33 ago)
          evaltask.fold.1.strategy-as-meta.GI.0030.3fq6PB9U7 (done 00:10:33 ago)
          evaltask.fold.1.strategy-as-meta.GI.0030.6mlbUQRQ7 (done 00:10:33 ago)
          evaltask.fold.1.univ.0043.BuZkcgfpW (done 00:10:48 ago)
          evaltask.fold.1.strategy-as-meta.univ.0012.mAbtBGyva (done 00:10:53 ago)
SUMMARY 22.02.18 17:24: 0 tasks waiting, 0 tasks running, 1410 tasks done.
        no task running currently.
        Recently achieved tasks:
          evaltask.fold.1.0069.gEuwAN3DF (done 00:09:42 ago)
          evaltask.fold.1.0069.lzXFBH9iv (done 00:10:03 ago)
          evaltask.fold.1.GI.0050.FpFaBt2BM (done 00:10:04 ago)
          evaltask.fold.1.GI.0050.xzybrm4ty (done 00:10:26 ago)
          evaltask.fold.1.0072.m2mhKVFSo (done 00:11:13 ago)
          evaltask.fold.1.0072.uxXcsqLVH (done 00:11:13 ago)
          evaltask.fold.1.strategy-as-meta.GI.0030.3fq6PB9U7 (done 00:11:13 ago)
          evaltask.fold.1.strategy-as-meta.GI.0030.6mlbUQRQ7 (done 00:11:13 ago)
          evaltask.fold.1.univ.0043.BuZkcgfpW (done 00:11:28 ago)
          evaltask.fold.1.strategy-as-meta.univ.0012.mAbtBGyva (done 00:11:33 ago)
